The target system is: Generic -  - 
The host system is: Darwin - 23.1.0 - arm64
Compiling the C compiler identification source file "CMakeCCompilerId.c" succeeded.
Compiler: /Users/willa/Desktop/robotic_arm/EmbeddedCode/templates/esp-template/.embuild/espressif/tools/riscv32-esp-elf/esp-2022r1-11.2.0/riscv32-esp-elf/bin/riscv32-esp-elf-gcc 
Build flags: -march=rv32imc;
Id flags:  

The output was:
0


Compilation of the C compiler identification source "CMakeCCompilerId.c" produced "a.out"

The C compiler identification is GNU, found in "/Users/willa/Desktop/robotic_arm/EmbeddedCode/templates/esp-template/target/riscv32imc-esp-espidf/debug/build/esp-idf-sys-9f6b4ed75c495505/out/build/bootloader/CMakeFiles/3.24.0/CompilerIdC/a.out"

Compiling the CXX compiler identification source file "CMakeCXXCompilerId.cpp" succeeded.
Compiler: /Users/willa/Desktop/robotic_arm/EmbeddedCode/templates/esp-template/.embuild/espressif/tools/riscv32-esp-elf/esp-2022r1-11.2.0/riscv32-esp-elf/bin/riscv32-esp-elf-g++ 
Build flags: -march=rv32imc;
Id flags:  

The output was:
0


Compilation of the CXX compiler identification source "CMakeCXXCompilerId.cpp" produced "a.out"

The CXX compiler identification is GNU, found in "/Users/willa/Desktop/robotic_arm/EmbeddedCode/templates/esp-template/target/riscv32imc-esp-espidf/debug/build/esp-idf-sys-9f6b4ed75c495505/out/build/bootloader/CMakeFiles/3.24.0/CompilerIdCXX/a.out"

Checking whether the ASM compiler is GNU using "--version" matched "(GNU assembler)|(GCC)|(Free Software Foundation)":
riscv32-esp-elf-gcc (crosstool-NG esp-2022r1) 11.2.0
Copyright (C) 2021 Free Software Foundation, Inc.
This is free software; see the source for copying conditions.  There is NO
warranty; not even for MERCHANTABILITY or FITNESS FOR A PARTICULAR PURPOSE.

Detecting C compiler ABI info compiled with the following output:
Change Dir: /Users/willa/Desktop/robotic_arm/EmbeddedCode/templates/esp-template/target/riscv32imc-esp-espidf/debug/build/esp-idf-sys-9f6b4ed75c495505/out/build/bootloader/CMakeFiles/CMakeTmp

Run Build Command(s):/Users/willa/Desktop/robotic_arm/EmbeddedCode/templates/esp-template/.embuild/espressif/tools/ninja/1.10.2/ninja cmTC_8651b && [1/2] Building C object CMakeFiles/cmTC_8651b.dir/CMakeCCompilerABI.c.obj
Using built-in specs.
COLLECT_GCC=/Users/willa/Desktop/robotic_arm/EmbeddedCode/templates/esp-template/.embuild/espressif/tools/riscv32-esp-elf/esp-2022r1-11.2.0/riscv32-esp-elf/bin/riscv32-esp-elf-gcc
Target: riscv32-esp-elf
Configured with: /Users/brnomac003/.gitlab-runner/builds/qR2TxTby/1/idf/crosstool-NG/.build/riscv32-esp-elf/src/gcc/configure --build=aarch64-build_apple-darwin21.4.0 --host=aarch64-build_apple-darwin21.4.0 --target=riscv32-esp-elf --prefix=/Users/brnomac003/.gitlab-runner/builds/qR2TxTby/1/idf/crosstool-NG/builds/riscv32-esp-elf --exec_prefix=/Users/brnomac003/.gitlab-runner/builds/qR2TxTby/1/idf/crosstool-NG/builds/riscv32-esp-elf --with-local-prefix=/Users/brnomac003/.gitlab-runner/builds/qR2TxTby/1/idf/crosstool-NG/builds/riscv32-esp-elf/riscv32-esp-elf --with-headers=/Users/brnomac003/.gitlab-runner/builds/qR2TxTby/1/idf/crosstool-NG/builds/riscv32-esp-elf/riscv32-esp-elf/include --with-newlib --enable-threads=no --disable-shared --with-arch=rv32gc --with-abi=ilp32 --with-pkgversion='crosstool-NG esp-2022r1' --disable-__cxa_atexit --enable-cxx-flags=-ffunction-sections --disable-libgomp --disable-libmudflap --disable-libmpx --disable-libssp --disable-libquadmath --disable-libquadmath-support --disable-libstdcxx-verbose --with-gmp=/Users/brnomac003/.gitlab-runner/builds/qR2TxTby/1/idf/crosstool-NG/.build/riscv32-esp-elf/buildtools --with-mpfr=/Users/brnomac003/.gitlab-runner/builds/qR2TxTby/1/idf/crosstool-NG/.build/riscv32-esp-elf/buildtools --with-mpc=/Users/brnomac003/.gitlab-runner/builds/qR2TxTby/1/idf/crosstool-NG/.build/riscv32-esp-elf/buildtools --with-isl=/Users/brnomac003/.gitlab-runner/builds/qR2TxTby/1/idf/crosstool-NG/.build/riscv32-esp-elf/buildtools --enable-lto --enable-target-optspace --without-long-double-128 --disable-nls --enable-multiarch --enable-languages=c,c++ --disable-libstdcxx-verbose --enable-threads=posix --enable-gcov-custom-rtio --enable-libstdcxx-time=yes
Thread model: posix
Supported LTO compression algorithms: zlib
gcc version 11.2.0 (crosstool-NG esp-2022r1) 
COLLECT_GCC_OPTIONS='-march=rv32imc' '-v' '-o' 'CMakeFiles/cmTC_8651b.dir/CMakeCCompilerABI.c.obj' '-c' '-mabi=ilp32' '-march=rv32imc' '-dumpdir' 'CMakeFiles/cmTC_8651b.dir/'
 /Users/willa/Desktop/robotic_arm/EmbeddedCode/templates/esp-template/.embuild/espressif/tools/riscv32-esp-elf/esp-2022r1-11.2.0/riscv32-esp-elf/bin/../libexec/gcc/riscv32-esp-elf/11.2.0/cc1 -quiet -v -imultilib rv32imc/ilp32 -iprefix /Users/willa/Desktop/robotic_arm/EmbeddedCode/templates/esp-template/.embuild/espressif/tools/riscv32-esp-elf/esp-2022r1-11.2.0/riscv32-esp-elf/bin/../lib/gcc/riscv32-esp-elf/11.2.0/ /Users/willa/Desktop/robotic_arm/EmbeddedCode/templates/esp-template/.embuild/espressif/tools/cmake/3.24.0/CMake.app/Contents/share/cmake-3.24/Modules/CMakeCCompilerABI.c -quiet -dumpdir CMakeFiles/cmTC_8651b.dir/ -dumpbase CMakeCCompilerABI.c.c -dumpbase-ext .c -march=rv32imc -mabi=ilp32 -march=rv32imc -version -o /var/folders/23/4jr63l0d2rl38kgwygzq97s00000gn/T//cchUrtI6.s
GNU C17 (crosstool-NG esp-2022r1) version 11.2.0 (riscv32-esp-elf)
	compiled by GNU C version Apple LLVM 13.0.0 (clang-1300.0.27.3), GMP version 6.2.1, MPFR version 4.1.0, MPC version 1.2.1, isl version isl-0.24-GMP

GGC heuristics: --param ggc-min-expand=100 --param ggc-min-heapsize=131072
ignoring duplicate directory "/Users/willa/Desktop/robotic_arm/EmbeddedCode/templates/esp-template/.embuild/espressif/tools/riscv32-esp-elf/esp-2022r1-11.2.0/riscv32-esp-elf/bin/../lib/gcc/../../lib/gcc/riscv32-esp-elf/11.2.0/include"
ignoring duplicate directory "/Users/willa/Desktop/robotic_arm/EmbeddedCode/templates/esp-template/.embuild/espressif/tools/riscv32-esp-elf/esp-2022r1-11.2.0/riscv32-esp-elf/bin/../lib/gcc/../../lib/gcc/riscv32-esp-elf/11.2.0/include-fixed"
ignoring duplicate directory "/Users/willa/Desktop/robotic_arm/EmbeddedCode/templates/esp-template/.embuild/espressif/tools/riscv32-esp-elf/esp-2022r1-11.2.0/riscv32-esp-elf/bin/../lib/gcc/../../lib/gcc/riscv32-esp-elf/11.2.0/../../../../riscv32-esp-elf/sys-include"
ignoring duplicate directory "/Users/willa/Desktop/robotic_arm/EmbeddedCode/templates/esp-template/.embuild/espressif/tools/riscv32-esp-elf/esp-2022r1-11.2.0/riscv32-esp-elf/bin/../lib/gcc/../../lib/gcc/riscv32-esp-elf/11.2.0/../../../../riscv32-esp-elf/include"
#include "..." search starts here:
#include <...> search starts here:
 /Users/willa/Desktop/robotic_arm/EmbeddedCode/templates/esp-template/.embuild/espressif/tools/riscv32-esp-elf/esp-2022r1-11.2.0/riscv32-esp-elf/bin/../lib/gcc/riscv32-esp-elf/11.2.0/include
 /Users/willa/Desktop/robotic_arm/EmbeddedCode/templates/esp-template/.embuild/espressif/tools/riscv32-esp-elf/esp-2022r1-11.2.0/riscv32-esp-elf/bin/../lib/gcc/riscv32-esp-elf/11.2.0/include-fixed
 /Users/willa/Desktop/robotic_arm/EmbeddedCode/templates/esp-template/.embuild/espressif/tools/riscv32-esp-elf/esp-2022r1-11.2.0/riscv32-esp-elf/bin/../lib/gcc/riscv32-esp-elf/11.2.0/../../../../riscv32-esp-elf/sys-include
 /Users/willa/Desktop/robotic_arm/EmbeddedCode/templates/esp-template/.embuild/espressif/tools/riscv32-esp-elf/esp-2022r1-11.2.0/riscv32-esp-elf/bin/../lib/gcc/riscv32-esp-elf/11.2.0/../../../../riscv32-esp-elf/include
End of search list.
GNU C17 (crosstool-NG esp-2022r1) version 11.2.0 (riscv32-esp-elf)
	compiled by GNU C version Apple LLVM 13.0.0 (clang-1300.0.27.3), GMP version 6.2.1, MPFR version 4.1.0, MPC version 1.2.1, isl version isl-0.24-GMP

GGC heuristics: --param ggc-min-expand=100 --param ggc-min-heapsize=131072
Compiler executable checksum: f9162d8a307714d6d5b06cf7dccb34d6
COLLECT_GCC_OPTIONS='-march=rv32imc' '-v' '-o' 'CMakeFiles/cmTC_8651b.dir/CMakeCCompilerABI.c.obj' '-c' '-mabi=ilp32' '-march=rv32imc' '-dumpdir' 'CMakeFiles/cmTC_8651b.dir/'
 /Users/willa/Desktop/robotic_arm/EmbeddedCode/templates/esp-template/.embuild/espressif/tools/riscv32-esp-elf/esp-2022r1-11.2.0/riscv32-esp-elf/bin/../lib/gcc/riscv32-esp-elf/11.2.0/../../../../riscv32-esp-elf/bin/as -v --traditional-format -march=rv32imc -march=rv32imc -mabi=ilp32 -o CMakeFiles/cmTC_8651b.dir/CMakeCCompilerABI.c.obj /var/folders/23/4jr63l0d2rl38kgwygzq97s00000gn/T//cchUrtI6.s
GNU assembler version 2.35.1 (riscv32-esp-elf) using BFD version (crosstool-NG esp-2022r1) 2.35.1.20201223
COMPILER_PATH=/Users/willa/Desktop/robotic_arm/EmbeddedCode/templates/esp-template/.embuild/espressif/tools/riscv32-esp-elf/esp-2022r1-11.2.0/riscv32-esp-elf/bin/../libexec/gcc/riscv32-esp-elf/11.2.0/:/Users/willa/Desktop/robotic_arm/EmbeddedCode/templates/esp-template/.embuild/espressif/tools/riscv32-esp-elf/esp-2022r1-11.2.0/riscv32-esp-elf/bin/../libexec/gcc/:/Users/willa/Desktop/robotic_arm/EmbeddedCode/templates/esp-template/.embuild/espressif/tools/riscv32-esp-elf/esp-2022r1-11.2.0/riscv32-esp-elf/bin/../lib/gcc/riscv32-esp-elf/11.2.0/../../../../riscv32-esp-elf/bin/
LIBRARY_PATH=/Users/willa/Desktop/robotic_arm/EmbeddedCode/templates/esp-template/.embuild/espressif/tools/riscv32-esp-elf/esp-2022r1-11.2.0/riscv32-esp-elf/bin/../lib/gcc/riscv32-esp-elf/11.2.0/rv32imc/ilp32/:/Users/willa/Desktop/robotic_arm/EmbeddedCode/templates/esp-template/.embuild/espressif/tools/riscv32-esp-elf/esp-2022r1-11.2.0/riscv32-esp-elf/bin/../lib/gcc/riscv32-esp-elf/11.2.0/../../../../riscv32-esp-elf/lib/rv32imc/ilp32/:/Users/willa/Desktop/robotic_arm/EmbeddedCode/templates/esp-template/.embuild/espressif/tools/riscv32-esp-elf/esp-2022r1-11.2.0/riscv32-esp-elf/bin/../lib/gcc/riscv32-esp-elf/11.2.0/:/Users/willa/Desktop/robotic_arm/EmbeddedCode/templates/esp-template/.embuild/espressif/tools/riscv32-esp-elf/esp-2022r1-11.2.0/riscv32-esp-elf/bin/../lib/gcc/:/Users/willa/Desktop/robotic_arm/EmbeddedCode/templates/esp-template/.embuild/espressif/tools/riscv32-esp-elf/esp-2022r1-11.2.0/riscv32-esp-elf/bin/../lib/gcc/riscv32-esp-elf/11.2.0/../../../../riscv32-esp-elf/lib/
COLLECT_GCC_OPTIONS='-march=rv32imc' '-v' '-o' 'CMakeFiles/cmTC_8651b.dir/CMakeCCompilerABI.c.obj' '-c' '-mabi=ilp32' '-march=rv32imc' '-dumpdir' 'CMakeFiles/cmTC_8651b.dir/CMakeCCompilerABI.c.'
[2/2] Linking C executable cmTC_8651b
Using built-in specs.
Reading specs from /Users/willa/Desktop/robotic_arm/EmbeddedCode/templates/esp-template/.embuild/espressif/tools/riscv32-esp-elf/esp-2022r1-11.2.0/riscv32-esp-elf/bin/../lib/gcc/riscv32-esp-elf/11.2.0/../../../../riscv32-esp-elf/lib/nosys.specs
rename spec link_gcc_c_sequence to nosys_link_gcc_c_sequence
COLLECT_GCC=/Users/willa/Desktop/robotic_arm/EmbeddedCode/templates/esp-template/.embuild/espressif/tools/riscv32-esp-elf/esp-2022r1-11.2.0/riscv32-esp-elf/bin/riscv32-esp-elf-gcc
COLLECT_LTO_WRAPPER=/Users/willa/Desktop/robotic_arm/EmbeddedCode/templates/esp-template/.embuild/espressif/tools/riscv32-esp-elf/esp-2022r1-11.2.0/riscv32-esp-elf/bin/../libexec/gcc/riscv32-esp-elf/11.2.0/lto-wrapper
Target: riscv32-esp-elf
Configured with: /Users/brnomac003/.gitlab-runner/builds/qR2TxTby/1/idf/crosstool-NG/.build/riscv32-esp-elf/src/gcc/configure --build=aarch64-build_apple-darwin21.4.0 --host=aarch64-build_apple-darwin21.4.0 --target=riscv32-esp-elf --prefix=/Users/brnomac003/.gitlab-runner/builds/qR2TxTby/1/idf/crosstool-NG/builds/riscv32-esp-elf --exec_prefix=/Users/brnomac003/.gitlab-runner/builds/qR2TxTby/1/idf/crosstool-NG/builds/riscv32-esp-elf --with-local-prefix=/Users/brnomac003/.gitlab-runner/builds/qR2TxTby/1/idf/crosstool-NG/builds/riscv32-esp-elf/riscv32-esp-elf --with-headers=/Users/brnomac003/.gitlab-runner/builds/qR2TxTby/1/idf/crosstool-NG/builds/riscv32-esp-elf/riscv32-esp-elf/include --with-newlib --enable-threads=no --disable-shared --with-arch=rv32gc --with-abi=ilp32 --with-pkgversion='crosstool-NG esp-2022r1' --disable-__cxa_atexit --enable-cxx-flags=-ffunction-sections --disable-libgomp --disable-libmudflap --disable-libmpx --disable-libssp --disable-libquadmath --disable-libquadmath-support --disable-libstdcxx-verbose --with-gmp=/Users/brnomac003/.gitlab-runner/builds/qR2TxTby/1/idf/crosstool-NG/.build/riscv32-esp-elf/buildtools --with-mpfr=/Users/brnomac003/.gitlab-runner/builds/qR2TxTby/1/idf/crosstool-NG/.build/riscv32-esp-elf/buildtools --with-mpc=/Users/brnomac003/.gitlab-runner/builds/qR2TxTby/1/idf/crosstool-NG/.build/riscv32-esp-elf/buildtools --with-isl=/Users/brnomac003/.gitlab-runner/builds/qR2TxTby/1/idf/crosstool-NG/.build/riscv32-esp-elf/buildtools --enable-lto --enable-target-optspace --without-long-double-128 --disable-nls --enable-multiarch --enable-languages=c,c++ --disable-libstdcxx-verbose --enable-threads=posix --enable-gcov-custom-rtio --enable-libstdcxx-time=yes
Thread model: posix
Supported LTO compression algorithms: zlib
gcc version 11.2.0 (crosstool-NG esp-2022r1) 
COMPILER_PATH=/Users/willa/Desktop/robotic_arm/EmbeddedCode/templates/esp-template/.embuild/espressif/tools/riscv32-esp-elf/esp-2022r1-11.2.0/riscv32-esp-elf/bin/../libexec/gcc/riscv32-esp-elf/11.2.0/:/Users/willa/Desktop/robotic_arm/EmbeddedCode/templates/esp-template/.embuild/espressif/tools/riscv32-esp-elf/esp-2022r1-11.2.0/riscv32-esp-elf/bin/../libexec/gcc/:/Users/willa/Desktop/robotic_arm/EmbeddedCode/templates/esp-template/.embuild/espressif/tools/riscv32-esp-elf/esp-2022r1-11.2.0/riscv32-esp-elf/bin/../lib/gcc/riscv32-esp-elf/11.2.0/../../../../riscv32-esp-elf/bin/
LIBRARY_PATH=/Users/willa/Desktop/robotic_arm/EmbeddedCode/templates/esp-template/.embuild/espressif/tools/riscv32-esp-elf/esp-2022r1-11.2.0/riscv32-esp-elf/bin/../lib/gcc/riscv32-esp-elf/11.2.0/rv32imc/ilp32/:/Users/willa/Desktop/robotic_arm/EmbeddedCode/templates/esp-template/.embuild/espressif/tools/riscv32-esp-elf/esp-2022r1-11.2.0/riscv32-esp-elf/bin/../lib/gcc/riscv32-esp-elf/11.2.0/../../../../riscv32-esp-elf/lib/rv32imc/ilp32/:/Users/willa/Desktop/robotic_arm/EmbeddedCode/templates/esp-template/.embuild/espressif/tools/riscv32-esp-elf/esp-2022r1-11.2.0/riscv32-esp-elf/bin/../lib/gcc/riscv32-esp-elf/11.2.0/:/Users/willa/Desktop/robotic_arm/EmbeddedCode/templates/esp-template/.embuild/espressif/tools/riscv32-esp-elf/esp-2022r1-11.2.0/riscv32-esp-elf/bin/../lib/gcc/:/Users/willa/Desktop/robotic_arm/EmbeddedCode/templates/esp-template/.embuild/espressif/tools/riscv32-esp-elf/esp-2022r1-11.2.0/riscv32-esp-elf/bin/../lib/gcc/riscv32-esp-elf/11.2.0/../../../../riscv32-esp-elf/lib/
COLLECT_GCC_OPTIONS='-nostartfiles' '-march=rv32imc' '-specs=nosys.specs' '-v' '-o' 'cmTC_8651b' '-mabi=ilp32' '-march=rv32imc' '-dumpdir' 'cmTC_8651b.'
 /Users/willa/Desktop/robotic_arm/EmbeddedCode/templates/esp-template/.embuild/espressif/tools/riscv32-esp-elf/esp-2022r1-11.2.0/riscv32-esp-elf/bin/../libexec/gcc/riscv32-esp-elf/11.2.0/collect2 -plugin /Users/willa/Desktop/robotic_arm/EmbeddedCode/templates/esp-template/.embuild/espressif/tools/riscv32-esp-elf/esp-2022r1-11.2.0/riscv32-esp-elf/bin/../libexec/gcc/riscv32-esp-elf/11.2.0/liblto_plugin.so -plugin-opt=/Users/willa/Desktop/robotic_arm/EmbeddedCode/templates/esp-template/.embuild/espressif/tools/riscv32-esp-elf/esp-2022r1-11.2.0/riscv32-esp-elf/bin/../libexec/gcc/riscv32-esp-elf/11.2.0/lto-wrapper -plugin-opt=-fresolution=/var/folders/23/4jr63l0d2rl38kgwygzq97s00000gn/T//ccAv7jap.res -plugin-opt=-pass-through=-lgcc -plugin-opt=-pass-through=-lc -plugin-opt=-pass-through=-lnosys -plugin-opt=-pass-through=-lc -plugin-opt=-pass-through=-lgcc -plugin-opt=-pass-through=-lgcc -plugin-opt=-pass-through=-lc -plugin-opt=-pass-through=-lnosys -melf32lriscv -o cmTC_8651b -L/Users/willa/Desktop/robotic_arm/EmbeddedCode/templates/esp-template/.embuild/espressif/tools/riscv32-esp-elf/esp-2022r1-11.2.0/riscv32-esp-elf/bin/../lib/gcc/riscv32-esp-elf/11.2.0/rv32imc/ilp32 -L/Users/willa/Desktop/robotic_arm/EmbeddedCode/templates/esp-template/.embuild/espressif/tools/riscv32-esp-elf/esp-2022r1-11.2.0/riscv32-esp-elf/bin/../lib/gcc/riscv32-esp-elf/11.2.0/../../../../riscv32-esp-elf/lib/rv32imc/ilp32 -L/Users/willa/Desktop/robotic_arm/EmbeddedCode/templates/esp-template/.embuild/espressif/tools/riscv32-esp-elf/esp-2022r1-11.2.0/riscv32-esp-elf/bin/../lib/gcc/riscv32-esp-elf/11.2.0 -L/Users/willa/Desktop/robotic_arm/EmbeddedCode/templates/esp-template/.embuild/espressif/tools/riscv32-esp-elf/esp-2022r1-11.2.0/riscv32-esp-elf/bin/../lib/gcc -L/Users/willa/Desktop/robotic_arm/EmbeddedCode/templates/esp-template/.embuild/espressif/tools/riscv32-esp-elf/esp-2022r1-11.2.0/riscv32-esp-elf/bin/../lib/gcc/riscv32-esp-elf/11.2.0/../../../../riscv32-esp-elf/lib CMakeFiles/cmTC_8651b.dir/CMakeCCompilerABI.c.obj -lgcc -lc -lnosys -lc -lgcc --start-group -lgcc -lc -lnosys --end-group
/Users/willa/Desktop/robotic_arm/EmbeddedCode/templates/esp-template/.embuild/espressif/tools/riscv32-esp-elf/esp-2022r1-11.2.0/riscv32-esp-elf/bin/../lib/gcc/riscv32-esp-elf/11.2.0/../../../../riscv32-esp-elf/bin/ld: warning: cannot find entry symbol _start; defaulting to 0000000000010054
COLLECT_GCC_OPTIONS='-nostartfiles' '-march=rv32imc' '-specs=nosys.specs' '-v' '-o' 'cmTC_8651b' '-mabi=ilp32' '-march=rv32imc' '-dumpdir' 'cmTC_8651b.'



Parsed C implicit include dir info from above output: rv=done
  found start of include info
  found start of implicit include info
    add: [/Users/willa/Desktop/robotic_arm/EmbeddedCode/templates/esp-template/.embuild/espressif/tools/riscv32-esp-elf/esp-2022r1-11.2.0/riscv32-esp-elf/bin/../lib/gcc/riscv32-esp-elf/11.2.0/include]
    add: [/Users/willa/Desktop/robotic_arm/EmbeddedCode/templates/esp-template/.embuild/espressif/tools/riscv32-esp-elf/esp-2022r1-11.2.0/riscv32-esp-elf/bin/../lib/gcc/riscv32-esp-elf/11.2.0/include-fixed]
    add: [/Users/willa/Desktop/robotic_arm/EmbeddedCode/templates/esp-template/.embuild/espressif/tools/riscv32-esp-elf/esp-2022r1-11.2.0/riscv32-esp-elf/bin/../lib/gcc/riscv32-esp-elf/11.2.0/../../../../riscv32-esp-elf/sys-include]
    add: [/Users/willa/Desktop/robotic_arm/EmbeddedCode/templates/esp-template/.embuild/espressif/tools/riscv32-esp-elf/esp-2022r1-11.2.0/riscv32-esp-elf/bin/../lib/gcc/riscv32-esp-elf/11.2.0/../../../../riscv32-esp-elf/include]
  end of search list found
  collapse include dir [/Users/willa/Desktop/robotic_arm/EmbeddedCode/templates/esp-template/.embuild/espressif/tools/riscv32-esp-elf/esp-2022r1-11.2.0/riscv32-esp-elf/bin/../lib/gcc/riscv32-esp-elf/11.2.0/include] ==> [/Users/willa/Desktop/robotic_arm/EmbeddedCode/templates/esp-template/.embuild/espressif/tools/riscv32-esp-elf/esp-2022r1-11.2.0/riscv32-esp-elf/lib/gcc/riscv32-esp-elf/11.2.0/include]
  collapse include dir [/Users/willa/Desktop/robotic_arm/EmbeddedCode/templates/esp-template/.embuild/espressif/tools/riscv32-esp-elf/esp-2022r1-11.2.0/riscv32-esp-elf/bin/../lib/gcc/riscv32-esp-elf/11.2.0/include-fixed] ==> [/Users/willa/Desktop/robotic_arm/EmbeddedCode/templates/esp-template/.embuild/espressif/tools/riscv32-esp-elf/esp-2022r1-11.2.0/riscv32-esp-elf/lib/gcc/riscv32-esp-elf/11.2.0/include-fixed]
  collapse include dir [/Users/willa/Desktop/robotic_arm/EmbeddedCode/templates/esp-template/.embuild/espressif/tools/riscv32-esp-elf/esp-2022r1-11.2.0/riscv32-esp-elf/bin/../lib/gcc/riscv32-esp-elf/11.2.0/../../../../riscv32-esp-elf/sys-include] ==> [/Users/willa/Desktop/robotic_arm/EmbeddedCode/templates/esp-template/.embuild/espressif/tools/riscv32-esp-elf/esp-2022r1-11.2.0/riscv32-esp-elf/riscv32-esp-elf/sys-include]
  collapse include dir [/Users/willa/Desktop/robotic_arm/EmbeddedCode/templates/esp-template/.embuild/espressif/tools/riscv32-esp-elf/esp-2022r1-11.2.0/riscv32-esp-elf/bin/../lib/gcc/riscv32-esp-elf/11.2.0/../../../../riscv32-esp-elf/include] ==> [/Users/willa/Desktop/robotic_arm/EmbeddedCode/templates/esp-template/.embuild/espressif/tools/riscv32-esp-elf/esp-2022r1-11.2.0/riscv32-esp-elf/riscv32-esp-elf/include]
  implicit include dirs: [/Users/willa/Desktop/robotic_arm/EmbeddedCode/templates/esp-template/.embuild/espressif/tools/riscv32-esp-elf/esp-2022r1-11.2.0/riscv32-esp-elf/lib/gcc/riscv32-esp-elf/11.2.0/include;/Users/willa/Desktop/robotic_arm/EmbeddedCode/templates/esp-template/.embuild/espressif/tools/riscv32-esp-elf/esp-2022r1-11.2.0/riscv32-esp-elf/lib/gcc/riscv32-esp-elf/11.2.0/include-fixed;/Users/willa/Desktop/robotic_arm/EmbeddedCode/templates/esp-template/.embuild/espressif/tools/riscv32-esp-elf/esp-2022r1-11.2.0/riscv32-esp-elf/riscv32-esp-elf/sys-include;/Users/willa/Desktop/robotic_arm/EmbeddedCode/templates/esp-template/.embuild/espressif/tools/riscv32-esp-elf/esp-2022r1-11.2.0/riscv32-esp-elf/riscv32-esp-elf/include]


Parsed C implicit link information from above output:
  link line regex: [^( *|.*[/\])(riscv32-esp-elf-ld|CMAKE_LINK_STARTFILE-NOTFOUND|([^/\]+-)?ld|collect2)[^/\]*( |$)]
  ignore line: [Change Dir: /Users/willa/Desktop/robotic_arm/EmbeddedCode/templates/esp-template/target/riscv32imc-esp-espidf/debug/build/esp-idf-sys-9f6b4ed75c495505/out/build/bootloader/CMakeFiles/CMakeTmp]
  ignore line: []
  ignore line: [Run Build Command(s):/Users/willa/Desktop/robotic_arm/EmbeddedCode/templates/esp-template/.embuild/espressif/tools/ninja/1.10.2/ninja cmTC_8651b && [1/2] Building C object CMakeFiles/cmTC_8651b.dir/CMakeCCompilerABI.c.obj]
  ignore line: [Using built-in specs.]
  ignore line: [COLLECT_GCC=/Users/willa/Desktop/robotic_arm/EmbeddedCode/templates/esp-template/.embuild/espressif/tools/riscv32-esp-elf/esp-2022r1-11.2.0/riscv32-esp-elf/bin/riscv32-esp-elf-gcc]
  ignore line: [Target: riscv32-esp-elf]
  ignore line: [Configured with: /Users/brnomac003/.gitlab-runner/builds/qR2TxTby/1/idf/crosstool-NG/.build/riscv32-esp-elf/src/gcc/configure --build=aarch64-build_apple-darwin21.4.0 --host=aarch64-build_apple-darwin21.4.0 --target=riscv32-esp-elf --prefix=/Users/brnomac003/.gitlab-runner/builds/qR2TxTby/1/idf/crosstool-NG/builds/riscv32-esp-elf --exec_prefix=/Users/brnomac003/.gitlab-runner/builds/qR2TxTby/1/idf/crosstool-NG/builds/riscv32-esp-elf --with-local-prefix=/Users/brnomac003/.gitlab-runner/builds/qR2TxTby/1/idf/crosstool-NG/builds/riscv32-esp-elf/riscv32-esp-elf --with-headers=/Users/brnomac003/.gitlab-runner/builds/qR2TxTby/1/idf/crosstool-NG/builds/riscv32-esp-elf/riscv32-esp-elf/include --with-newlib --enable-threads=no --disable-shared --with-arch=rv32gc --with-abi=ilp32 --with-pkgversion='crosstool-NG esp-2022r1' --disable-__cxa_atexit --enable-cxx-flags=-ffunction-sections --disable-libgomp --disable-libmudflap --disable-libmpx --disable-libssp --disable-libquadmath --disable-libquadmath-support --disable-libstdcxx-verbose --with-gmp=/Users/brnomac003/.gitlab-runner/builds/qR2TxTby/1/idf/crosstool-NG/.build/riscv32-esp-elf/buildtools --with-mpfr=/Users/brnomac003/.gitlab-runner/builds/qR2TxTby/1/idf/crosstool-NG/.build/riscv32-esp-elf/buildtools --with-mpc=/Users/brnomac003/.gitlab-runner/builds/qR2TxTby/1/idf/crosstool-NG/.build/riscv32-esp-elf/buildtools --with-isl=/Users/brnomac003/.gitlab-runner/builds/qR2TxTby/1/idf/crosstool-NG/.build/riscv32-esp-elf/buildtools --enable-lto --enable-target-optspace --without-long-double-128 --disable-nls --enable-multiarch --enable-languages=c c++ --disable-libstdcxx-verbose --enable-threads=posix --enable-gcov-custom-rtio --enable-libstdcxx-time=yes]
  ignore line: [Thread model: posix]
  ignore line: [Supported LTO compression algorithms: zlib]
  ignore line: [gcc version 11.2.0 (crosstool-NG esp-2022r1) ]
  ignore line: [COLLECT_GCC_OPTIONS='-march=rv32imc' '-v' '-o' 'CMakeFiles/cmTC_8651b.dir/CMakeCCompilerABI.c.obj' '-c' '-mabi=ilp32' '-march=rv32imc' '-dumpdir' 'CMakeFiles/cmTC_8651b.dir/']
  ignore line: [ /Users/willa/Desktop/robotic_arm/EmbeddedCode/templates/esp-template/.embuild/espressif/tools/riscv32-esp-elf/esp-2022r1-11.2.0/riscv32-esp-elf/bin/../libexec/gcc/riscv32-esp-elf/11.2.0/cc1 -quiet -v -imultilib rv32imc/ilp32 -iprefix /Users/willa/Desktop/robotic_arm/EmbeddedCode/templates/esp-template/.embuild/espressif/tools/riscv32-esp-elf/esp-2022r1-11.2.0/riscv32-esp-elf/bin/../lib/gcc/riscv32-esp-elf/11.2.0/ /Users/willa/Desktop/robotic_arm/EmbeddedCode/templates/esp-template/.embuild/espressif/tools/cmake/3.24.0/CMake.app/Contents/share/cmake-3.24/Modules/CMakeCCompilerABI.c -quiet -dumpdir CMakeFiles/cmTC_8651b.dir/ -dumpbase CMakeCCompilerABI.c.c -dumpbase-ext .c -march=rv32imc -mabi=ilp32 -march=rv32imc -version -o /var/folders/23/4jr63l0d2rl38kgwygzq97s00000gn/T//cchUrtI6.s]
  ignore line: [GNU C17 (crosstool-NG esp-2022r1) version 11.2.0 (riscv32-esp-elf)]
  ignore line: [	compiled by GNU C version Apple LLVM 13.0.0 (clang-1300.0.27.3)  GMP version 6.2.1  MPFR version 4.1.0  MPC version 1.2.1  isl version isl-0.24-GMP]
  ignore line: []
  ignore line: [GGC heuristics: --param ggc-min-expand=100 --param ggc-min-heapsize=131072]
  ignore line: [ignoring duplicate directory "/Users/willa/Desktop/robotic_arm/EmbeddedCode/templates/esp-template/.embuild/espressif/tools/riscv32-esp-elf/esp-2022r1-11.2.0/riscv32-esp-elf/bin/../lib/gcc/../../lib/gcc/riscv32-esp-elf/11.2.0/include"]
  ignore line: [ignoring duplicate directory "/Users/willa/Desktop/robotic_arm/EmbeddedCode/templates/esp-template/.embuild/espressif/tools/riscv32-esp-elf/esp-2022r1-11.2.0/riscv32-esp-elf/bin/../lib/gcc/../../lib/gcc/riscv32-esp-elf/11.2.0/include-fixed"]
  ignore line: [ignoring duplicate directory "/Users/willa/Desktop/robotic_arm/EmbeddedCode/templates/esp-template/.embuild/espressif/tools/riscv32-esp-elf/esp-2022r1-11.2.0/riscv32-esp-elf/bin/../lib/gcc/../../lib/gcc/riscv32-esp-elf/11.2.0/../../../../riscv32-esp-elf/sys-include"]
  ignore line: [ignoring duplicate directory "/Users/willa/Desktop/robotic_arm/EmbeddedCode/templates/esp-template/.embuild/espressif/tools/riscv32-esp-elf/esp-2022r1-11.2.0/riscv32-esp-elf/bin/../lib/gcc/../../lib/gcc/riscv32-esp-elf/11.2.0/../../../../riscv32-esp-elf/include"]
  ignore line: [#include "..." search starts here:]
  ignore line: [#include <...> search starts here:]
  ignore line: [ /Users/willa/Desktop/robotic_arm/EmbeddedCode/templates/esp-template/.embuild/espressif/tools/riscv32-esp-elf/esp-2022r1-11.2.0/riscv32-esp-elf/bin/../lib/gcc/riscv32-esp-elf/11.2.0/include]
  ignore line: [ /Users/willa/Desktop/robotic_arm/EmbeddedCode/templates/esp-template/.embuild/espressif/tools/riscv32-esp-elf/esp-2022r1-11.2.0/riscv32-esp-elf/bin/../lib/gcc/riscv32-esp-elf/11.2.0/include-fixed]
  ignore line: [ /Users/willa/Desktop/robotic_arm/EmbeddedCode/templates/esp-template/.embuild/espressif/tools/riscv32-esp-elf/esp-2022r1-11.2.0/riscv32-esp-elf/bin/../lib/gcc/riscv32-esp-elf/11.2.0/../../../../riscv32-esp-elf/sys-include]
  ignore line: [ /Users/willa/Desktop/robotic_arm/EmbeddedCode/templates/esp-template/.embuild/espressif/tools/riscv32-esp-elf/esp-2022r1-11.2.0/riscv32-esp-elf/bin/../lib/gcc/riscv32-esp-elf/11.2.0/../../../../riscv32-esp-elf/include]
  ignore line: [End of search list.]
  ignore line: [GNU C17 (crosstool-NG esp-2022r1) version 11.2.0 (riscv32-esp-elf)]
  ignore line: [	compiled by GNU C version Apple LLVM 13.0.0 (clang-1300.0.27.3)  GMP version 6.2.1  MPFR version 4.1.0  MPC version 1.2.1  isl version isl-0.24-GMP]
  ignore line: []
  ignore line: [GGC heuristics: --param ggc-min-expand=100 --param ggc-min-heapsize=131072]
  ignore line: [Compiler executable checksum: f9162d8a307714d6d5b06cf7dccb34d6]
  ignore line: [COLLECT_GCC_OPTIONS='-march=rv32imc' '-v' '-o' 'CMakeFiles/cmTC_8651b.dir/CMakeCCompilerABI.c.obj' '-c' '-mabi=ilp32' '-march=rv32imc' '-dumpdir' 'CMakeFiles/cmTC_8651b.dir/']
  ignore line: [ /Users/willa/Desktop/robotic_arm/EmbeddedCode/templates/esp-template/.embuild/espressif/tools/riscv32-esp-elf/esp-2022r1-11.2.0/riscv32-esp-elf/bin/../lib/gcc/riscv32-esp-elf/11.2.0/../../../../riscv32-esp-elf/bin/as -v --traditional-format -march=rv32imc -march=rv32imc -mabi=ilp32 -o CMakeFiles/cmTC_8651b.dir/CMakeCCompilerABI.c.obj /var/folders/23/4jr63l0d2rl38kgwygzq97s00000gn/T//cchUrtI6.s]
  ignore line: [GNU assembler version 2.35.1 (riscv32-esp-elf) using BFD version (crosstool-NG esp-2022r1) 2.35.1.20201223]
  ignore line: [COMPILER_PATH=/Users/willa/Desktop/robotic_arm/EmbeddedCode/templates/esp-template/.embuild/espressif/tools/riscv32-esp-elf/esp-2022r1-11.2.0/riscv32-esp-elf/bin/../libexec/gcc/riscv32-esp-elf/11.2.0/:/Users/willa/Desktop/robotic_arm/EmbeddedCode/templates/esp-template/.embuild/espressif/tools/riscv32-esp-elf/esp-2022r1-11.2.0/riscv32-esp-elf/bin/../libexec/gcc/:/Users/willa/Desktop/robotic_arm/EmbeddedCode/templates/esp-template/.embuild/espressif/tools/riscv32-esp-elf/esp-2022r1-11.2.0/riscv32-esp-elf/bin/../lib/gcc/riscv32-esp-elf/11.2.0/../../../../riscv32-esp-elf/bin/]
  ignore line: [LIBRARY_PATH=/Users/willa/Desktop/robotic_arm/EmbeddedCode/templates/esp-template/.embuild/espressif/tools/riscv32-esp-elf/esp-2022r1-11.2.0/riscv32-esp-elf/bin/../lib/gcc/riscv32-esp-elf/11.2.0/rv32imc/ilp32/:/Users/willa/Desktop/robotic_arm/EmbeddedCode/templates/esp-template/.embuild/espressif/tools/riscv32-esp-elf/esp-2022r1-11.2.0/riscv32-esp-elf/bin/../lib/gcc/riscv32-esp-elf/11.2.0/../../../../riscv32-esp-elf/lib/rv32imc/ilp32/:/Users/willa/Desktop/robotic_arm/EmbeddedCode/templates/esp-template/.embuild/espressif/tools/riscv32-esp-elf/esp-2022r1-11.2.0/riscv32-esp-elf/bin/../lib/gcc/riscv32-esp-elf/11.2.0/:/Users/willa/Desktop/robotic_arm/EmbeddedCode/templates/esp-template/.embuild/espressif/tools/riscv32-esp-elf/esp-2022r1-11.2.0/riscv32-esp-elf/bin/../lib/gcc/:/Users/willa/Desktop/robotic_arm/EmbeddedCode/templates/esp-template/.embuild/espressif/tools/riscv32-esp-elf/esp-2022r1-11.2.0/riscv32-esp-elf/bin/../lib/gcc/riscv32-esp-elf/11.2.0/../../../../riscv32-esp-elf/lib/]
  ignore line: [COLLECT_GCC_OPTIONS='-march=rv32imc' '-v' '-o' 'CMakeFiles/cmTC_8651b.dir/CMakeCCompilerABI.c.obj' '-c' '-mabi=ilp32' '-march=rv32imc' '-dumpdir' 'CMakeFiles/cmTC_8651b.dir/CMakeCCompilerABI.c.']
  ignore line: [[2/2] Linking C executable cmTC_8651b]
  ignore line: [Using built-in specs.]
  ignore line: [Reading specs from /Users/willa/Desktop/robotic_arm/EmbeddedCode/templates/esp-template/.embuild/espressif/tools/riscv32-esp-elf/esp-2022r1-11.2.0/riscv32-esp-elf/bin/../lib/gcc/riscv32-esp-elf/11.2.0/../../../../riscv32-esp-elf/lib/nosys.specs]
  ignore line: [rename spec link_gcc_c_sequence to nosys_link_gcc_c_sequence]
  ignore line: [COLLECT_GCC=/Users/willa/Desktop/robotic_arm/EmbeddedCode/templates/esp-template/.embuild/espressif/tools/riscv32-esp-elf/esp-2022r1-11.2.0/riscv32-esp-elf/bin/riscv32-esp-elf-gcc]
  ignore line: [COLLECT_LTO_WRAPPER=/Users/willa/Desktop/robotic_arm/EmbeddedCode/templates/esp-template/.embuild/espressif/tools/riscv32-esp-elf/esp-2022r1-11.2.0/riscv32-esp-elf/bin/../libexec/gcc/riscv32-esp-elf/11.2.0/lto-wrapper]
  ignore line: [Target: riscv32-esp-elf]
  ignore line: [Configured with: /Users/brnomac003/.gitlab-runner/builds/qR2TxTby/1/idf/crosstool-NG/.build/riscv32-esp-elf/src/gcc/configure --build=aarch64-build_apple-darwin21.4.0 --host=aarch64-build_apple-darwin21.4.0 --target=riscv32-esp-elf --prefix=/Users/brnomac003/.gitlab-runner/builds/qR2TxTby/1/idf/crosstool-NG/builds/riscv32-esp-elf --exec_prefix=/Users/brnomac003/.gitlab-runner/builds/qR2TxTby/1/idf/crosstool-NG/builds/riscv32-esp-elf --with-local-prefix=/Users/brnomac003/.gitlab-runner/builds/qR2TxTby/1/idf/crosstool-NG/builds/riscv32-esp-elf/riscv32-esp-elf --with-headers=/Users/brnomac003/.gitlab-runner/builds/qR2TxTby/1/idf/crosstool-NG/builds/riscv32-esp-elf/riscv32-esp-elf/include --with-newlib --enable-threads=no --disable-shared --with-arch=rv32gc --with-abi=ilp32 --with-pkgversion='crosstool-NG esp-2022r1' --disable-__cxa_atexit --enable-cxx-flags=-ffunction-sections --disable-libgomp --disable-libmudflap --disable-libmpx --disable-libssp --disable-libquadmath --disable-libquadmath-support --disable-libstdcxx-verbose --with-gmp=/Users/brnomac003/.gitlab-runner/builds/qR2TxTby/1/idf/crosstool-NG/.build/riscv32-esp-elf/buildtools --with-mpfr=/Users/brnomac003/.gitlab-runner/builds/qR2TxTby/1/idf/crosstool-NG/.build/riscv32-esp-elf/buildtools --with-mpc=/Users/brnomac003/.gitlab-runner/builds/qR2TxTby/1/idf/crosstool-NG/.build/riscv32-esp-elf/buildtools --with-isl=/Users/brnomac003/.gitlab-runner/builds/qR2TxTby/1/idf/crosstool-NG/.build/riscv32-esp-elf/buildtools --enable-lto --enable-target-optspace --without-long-double-128 --disable-nls --enable-multiarch --enable-languages=c c++ --disable-libstdcxx-verbose --enable-threads=posix --enable-gcov-custom-rtio --enable-libstdcxx-time=yes]
  ignore line: [Thread model: posix]
  ignore line: [Supported LTO compression algorithms: zlib]
  ignore line: [gcc version 11.2.0 (crosstool-NG esp-2022r1) ]
  ignore line: [COMPILER_PATH=/Users/willa/Desktop/robotic_arm/EmbeddedCode/templates/esp-template/.embuild/espressif/tools/riscv32-esp-elf/esp-2022r1-11.2.0/riscv32-esp-elf/bin/../libexec/gcc/riscv32-esp-elf/11.2.0/:/Users/willa/Desktop/robotic_arm/EmbeddedCode/templates/esp-template/.embuild/espressif/tools/riscv32-esp-elf/esp-2022r1-11.2.0/riscv32-esp-elf/bin/../libexec/gcc/:/Users/willa/Desktop/robotic_arm/EmbeddedCode/templates/esp-template/.embuild/espressif/tools/riscv32-esp-elf/esp-2022r1-11.2.0/riscv32-esp-elf/bin/../lib/gcc/riscv32-esp-elf/11.2.0/../../../../riscv32-esp-elf/bin/]
  ignore line: [LIBRARY_PATH=/Users/willa/Desktop/robotic_arm/EmbeddedCode/templates/esp-template/.embuild/espressif/tools/riscv32-esp-elf/esp-2022r1-11.2.0/riscv32-esp-elf/bin/../lib/gcc/riscv32-esp-elf/11.2.0/rv32imc/ilp32/:/Users/willa/Desktop/robotic_arm/EmbeddedCode/templates/esp-template/.embuild/espressif/tools/riscv32-esp-elf/esp-2022r1-11.2.0/riscv32-esp-elf/bin/../lib/gcc/riscv32-esp-elf/11.2.0/../../../../riscv32-esp-elf/lib/rv32imc/ilp32/:/Users/willa/Desktop/robotic_arm/EmbeddedCode/templates/esp-template/.embuild/espressif/tools/riscv32-esp-elf/esp-2022r1-11.2.0/riscv32-esp-elf/bin/../lib/gcc/riscv32-esp-elf/11.2.0/:/Users/willa/Desktop/robotic_arm/EmbeddedCode/templates/esp-template/.embuild/espressif/tools/riscv32-esp-elf/esp-2022r1-11.2.0/riscv32-esp-elf/bin/../lib/gcc/:/Users/willa/Desktop/robotic_arm/EmbeddedCode/templates/esp-template/.embuild/espressif/tools/riscv32-esp-elf/esp-2022r1-11.2.0/riscv32-esp-elf/bin/../lib/gcc/riscv32-esp-elf/11.2.0/../../../../riscv32-esp-elf/lib/]
  ignore line: [COLLECT_GCC_OPTIONS='-nostartfiles' '-march=rv32imc' '-specs=nosys.specs' '-v' '-o' 'cmTC_8651b' '-mabi=ilp32' '-march=rv32imc' '-dumpdir' 'cmTC_8651b.']
  link line: [ /Users/willa/Desktop/robotic_arm/EmbeddedCode/templates/esp-template/.embuild/espressif/tools/riscv32-esp-elf/esp-2022r1-11.2.0/riscv32-esp-elf/bin/../libexec/gcc/riscv32-esp-elf/11.2.0/collect2 -plugin /Users/willa/Desktop/robotic_arm/EmbeddedCode/templates/esp-template/.embuild/espressif/tools/riscv32-esp-elf/esp-2022r1-11.2.0/riscv32-esp-elf/bin/../libexec/gcc/riscv32-esp-elf/11.2.0/liblto_plugin.so -plugin-opt=/Users/willa/Desktop/robotic_arm/EmbeddedCode/templates/esp-template/.embuild/espressif/tools/riscv32-esp-elf/esp-2022r1-11.2.0/riscv32-esp-elf/bin/../libexec/gcc/riscv32-esp-elf/11.2.0/lto-wrapper -plugin-opt=-fresolution=/var/folders/23/4jr63l0d2rl38kgwygzq97s00000gn/T//ccAv7jap.res -plugin-opt=-pass-through=-lgcc -plugin-opt=-pass-through=-lc -plugin-opt=-pass-through=-lnosys -plugin-opt=-pass-through=-lc -plugin-opt=-pass-through=-lgcc -plugin-opt=-pass-through=-lgcc -plugin-opt=-pass-through=-lc -plugin-opt=-pass-through=-lnosys -melf32lriscv -o cmTC_8651b -L/Users/willa/Desktop/robotic_arm/EmbeddedCode/templates/esp-template/.embuild/espressif/tools/riscv32-esp-elf/esp-2022r1-11.2.0/riscv32-esp-elf/bin/../lib/gcc/riscv32-esp-elf/11.2.0/rv32imc/ilp32 -L/Users/willa/Desktop/robotic_arm/EmbeddedCode/templates/esp-template/.embuild/espressif/tools/riscv32-esp-elf/esp-2022r1-11.2.0/riscv32-esp-elf/bin/../lib/gcc/riscv32-esp-elf/11.2.0/../../../../riscv32-esp-elf/lib/rv32imc/ilp32 -L/Users/willa/Desktop/robotic_arm/EmbeddedCode/templates/esp-template/.embuild/espressif/tools/riscv32-esp-elf/esp-2022r1-11.2.0/riscv32-esp-elf/bin/../lib/gcc/riscv32-esp-elf/11.2.0 -L/Users/willa/Desktop/robotic_arm/EmbeddedCode/templates/esp-template/.embuild/espressif/tools/riscv32-esp-elf/esp-2022r1-11.2.0/riscv32-esp-elf/bin/../lib/gcc -L/Users/willa/Desktop/robotic_arm/EmbeddedCode/templates/esp-template/.embuild/espressif/tools/riscv32-esp-elf/esp-2022r1-11.2.0/riscv32-esp-elf/bin/../lib/gcc/riscv32-esp-elf/11.2.0/../../../../riscv32-esp-elf/lib CMakeFiles/cmTC_8651b.dir/CMakeCCompilerABI.c.obj -lgcc -lc -lnosys -lc -lgcc --start-group -lgcc -lc -lnosys --end-group]
    arg [/Users/willa/Desktop/robotic_arm/EmbeddedCode/templates/esp-template/.embuild/espressif/tools/riscv32-esp-elf/esp-2022r1-11.2.0/riscv32-esp-elf/bin/../libexec/gcc/riscv32-esp-elf/11.2.0/collect2] ==> ignore
    arg [-plugin] ==> ignore
    arg [/Users/willa/Desktop/robotic_arm/EmbeddedCode/templates/esp-template/.embuild/espressif/tools/riscv32-esp-elf/esp-2022r1-11.2.0/riscv32-esp-elf/bin/../libexec/gcc/riscv32-esp-elf/11.2.0/liblto_plugin.so] ==> ignore
    arg [-plugin-opt=/Users/willa/Desktop/robotic_arm/EmbeddedCode/templates/esp-template/.embuild/espressif/tools/riscv32-esp-elf/esp-2022r1-11.2.0/riscv32-esp-elf/bin/../libexec/gcc/riscv32-esp-elf/11.2.0/lto-wrapper] ==> ignore
    arg [-plugin-opt=-fresolution=/var/folders/23/4jr63l0d2rl38kgwygzq97s00000gn/T//ccAv7jap.res] ==> ignore
    arg [-plugin-opt=-pass-through=-lgcc] ==> ignore
    arg [-plugin-opt=-pass-through=-lc] ==> ignore
    arg [-plugin-opt=-pass-through=-lnosys] ==> ignore
    arg [-plugin-opt=-pass-through=-lc] ==> ignore
    arg [-plugin-opt=-pass-through=-lgcc] ==> ignore
    arg [-plugin-opt=-pass-through=-lgcc] ==> ignore
    arg [-plugin-opt=-pass-through=-lc] ==> ignore
    arg [-plugin-opt=-pass-through=-lnosys] ==> ignore
    arg [-melf32lriscv] ==> ignore
    arg [-o] ==> ignore
    arg [cmTC_8651b] ==> ignore
    arg [-L/Users/willa/Desktop/robotic_arm/EmbeddedCode/templates/esp-template/.embuild/espressif/tools/riscv32-esp-elf/esp-2022r1-11.2.0/riscv32-esp-elf/bin/../lib/gcc/riscv32-esp-elf/11.2.0/rv32imc/ilp32] ==> dir [/Users/willa/Desktop/robotic_arm/EmbeddedCode/templates/esp-template/.embuild/espressif/tools/riscv32-esp-elf/esp-2022r1-11.2.0/riscv32-esp-elf/bin/../lib/gcc/riscv32-esp-elf/11.2.0/rv32imc/ilp32]
    arg [-L/Users/willa/Desktop/robotic_arm/EmbeddedCode/templates/esp-template/.embuild/espressif/tools/riscv32-esp-elf/esp-2022r1-11.2.0/riscv32-esp-elf/bin/../lib/gcc/riscv32-esp-elf/11.2.0/../../../../riscv32-esp-elf/lib/rv32imc/ilp32] ==> dir [/Users/willa/Desktop/robotic_arm/EmbeddedCode/templates/esp-template/.embuild/espressif/tools/riscv32-esp-elf/esp-2022r1-11.2.0/riscv32-esp-elf/bin/../lib/gcc/riscv32-esp-elf/11.2.0/../../../../riscv32-esp-elf/lib/rv32imc/ilp32]
    arg [-L/Users/willa/Desktop/robotic_arm/EmbeddedCode/templates/esp-template/.embuild/espressif/tools/riscv32-esp-elf/esp-2022r1-11.2.0/riscv32-esp-elf/bin/../lib/gcc/riscv32-esp-elf/11.2.0] ==> dir [/Users/willa/Desktop/robotic_arm/EmbeddedCode/templates/esp-template/.embuild/espressif/tools/riscv32-esp-elf/esp-2022r1-11.2.0/riscv32-esp-elf/bin/../lib/gcc/riscv32-esp-elf/11.2.0]
    arg [-L/Users/willa/Desktop/robotic_arm/EmbeddedCode/templates/esp-template/.embuild/espressif/tools/riscv32-esp-elf/esp-2022r1-11.2.0/riscv32-esp-elf/bin/../lib/gcc] ==> dir [/Users/willa/Desktop/robotic_arm/EmbeddedCode/templates/esp-template/.embuild/espressif/tools/riscv32-esp-elf/esp-2022r1-11.2.0/riscv32-esp-elf/bin/../lib/gcc]
    arg [-L/Users/willa/Desktop/robotic_arm/EmbeddedCode/templates/esp-template/.embuild/espressif/tools/riscv32-esp-elf/esp-2022r1-11.2.0/riscv32-esp-elf/bin/../lib/gcc/riscv32-esp-elf/11.2.0/../../../../riscv32-esp-elf/lib] ==> dir [/Users/willa/Desktop/robotic_arm/EmbeddedCode/templates/esp-template/.embuild/espressif/tools/riscv32-esp-elf/esp-2022r1-11.2.0/riscv32-esp-elf/bin/../lib/gcc/riscv32-esp-elf/11.2.0/../../../../riscv32-esp-elf/lib]
    arg [CMakeFiles/cmTC_8651b.dir/CMakeCCompilerABI.c.obj] ==> ignore
    arg [-lgcc] ==> lib [gcc]
    arg [-lc] ==> lib [c]
    arg [-lnosys] ==> lib [nosys]
    arg [-lc] ==> lib [c]
    arg [-lgcc] ==> lib [gcc]
    arg [--start-group] ==> ignore
    arg [-lgcc] ==> lib [gcc]
    arg [-lc] ==> lib [c]
    arg [-lnosys] ==> lib [nosys]
    arg [--end-group] ==> ignore
  collapse library dir [/Users/willa/Desktop/robotic_arm/EmbeddedCode/templates/esp-template/.embuild/espressif/tools/riscv32-esp-elf/esp-2022r1-11.2.0/riscv32-esp-elf/bin/../lib/gcc/riscv32-esp-elf/11.2.0/rv32imc/ilp32] ==> [/Users/willa/Desktop/robotic_arm/EmbeddedCode/templates/esp-template/.embuild/espressif/tools/riscv32-esp-elf/esp-2022r1-11.2.0/riscv32-esp-elf/lib/gcc/riscv32-esp-elf/11.2.0/rv32imc/ilp32]
  collapse library dir [/Users/willa/Desktop/robotic_arm/EmbeddedCode/templates/esp-template/.embuild/espressif/tools/riscv32-esp-elf/esp-2022r1-11.2.0/riscv32-esp-elf/bin/../lib/gcc/riscv32-esp-elf/11.2.0/../../../../riscv32-esp-elf/lib/rv32imc/ilp32] ==> [/Users/willa/Desktop/robotic_arm/EmbeddedCode/templates/esp-template/.embuild/espressif/tools/riscv32-esp-elf/esp-2022r1-11.2.0/riscv32-esp-elf/riscv32-esp-elf/lib/rv32imc/ilp32]
  collapse library dir [/Users/willa/Desktop/robotic_arm/EmbeddedCode/templates/esp-template/.embuild/espressif/tools/riscv32-esp-elf/esp-2022r1-11.2.0/riscv32-esp-elf/bin/../lib/gcc/riscv32-esp-elf/11.2.0] ==> [/Users/willa/Desktop/robotic_arm/EmbeddedCode/templates/esp-template/.embuild/espressif/tools/riscv32-esp-elf/esp-2022r1-11.2.0/riscv32-esp-elf/lib/gcc/riscv32-esp-elf/11.2.0]
  collapse library dir [/Users/willa/Desktop/robotic_arm/EmbeddedCode/templates/esp-template/.embuild/espressif/tools/riscv32-esp-elf/esp-2022r1-11.2.0/riscv32-esp-elf/bin/../lib/gcc] ==> [/Users/willa/Desktop/robotic_arm/EmbeddedCode/templates/esp-template/.embuild/espressif/tools/riscv32-esp-elf/esp-2022r1-11.2.0/riscv32-esp-elf/lib/gcc]
  collapse library dir [/Users/willa/Desktop/robotic_arm/EmbeddedCode/templates/esp-template/.embuild/espressif/tools/riscv32-esp-elf/esp-2022r1-11.2.0/riscv32-esp-elf/bin/../lib/gcc/riscv32-esp-elf/11.2.0/../../../../riscv32-esp-elf/lib] ==> [/Users/willa/Desktop/robotic_arm/EmbeddedCode/templates/esp-template/.embuild/espressif/tools/riscv32-esp-elf/esp-2022r1-11.2.0/riscv32-esp-elf/riscv32-esp-elf/lib]
  implicit libs: [gcc;c;nosys;c;gcc;gcc;c;nosys]
  implicit objs: []
  implicit dirs: [/Users/willa/Desktop/robotic_arm/EmbeddedCode/templates/esp-template/.embuild/espressif/tools/riscv32-esp-elf/esp-2022r1-11.2.0/riscv32-esp-elf/lib/gcc/riscv32-esp-elf/11.2.0/rv32imc/ilp32;/Users/willa/Desktop/robotic_arm/EmbeddedCode/templates/esp-template/.embuild/espressif/tools/riscv32-esp-elf/esp-2022r1-11.2.0/riscv32-esp-elf/riscv32-esp-elf/lib/rv32imc/ilp32;/Users/willa/Desktop/robotic_arm/EmbeddedCode/templates/esp-template/.embuild/espressif/tools/riscv32-esp-elf/esp-2022r1-11.2.0/riscv32-esp-elf/lib/gcc/riscv32-esp-elf/11.2.0;/Users/willa/Desktop/robotic_arm/EmbeddedCode/templates/esp-template/.embuild/espressif/tools/riscv32-esp-elf/esp-2022r1-11.2.0/riscv32-esp-elf/lib/gcc;/Users/willa/Desktop/robotic_arm/EmbeddedCode/templates/esp-template/.embuild/espressif/tools/riscv32-esp-elf/esp-2022r1-11.2.0/riscv32-esp-elf/riscv32-esp-elf/lib]
  implicit fwks: []


Detecting CXX compiler ABI info compiled with the following output:
Change Dir: /Users/willa/Desktop/robotic_arm/EmbeddedCode/templates/esp-template/target/riscv32imc-esp-espidf/debug/build/esp-idf-sys-9f6b4ed75c495505/out/build/bootloader/CMakeFiles/CMakeTmp

Run Build Command(s):/Users/willa/Desktop/robotic_arm/EmbeddedCode/templates/esp-template/.embuild/espressif/tools/ninja/1.10.2/ninja cmTC_b0c06 && [1/2] Building CXX object CMakeFiles/cmTC_b0c06.dir/CMakeCXXCompilerABI.cpp.obj
Using built-in specs.
COLLECT_GCC=/Users/willa/Desktop/robotic_arm/EmbeddedCode/templates/esp-template/.embuild/espressif/tools/riscv32-esp-elf/esp-2022r1-11.2.0/riscv32-esp-elf/bin/riscv32-esp-elf-g++
Target: riscv32-esp-elf
Configured with: /Users/brnomac003/.gitlab-runner/builds/qR2TxTby/1/idf/crosstool-NG/.build/riscv32-esp-elf/src/gcc/configure --build=aarch64-build_apple-darwin21.4.0 --host=aarch64-build_apple-darwin21.4.0 --target=riscv32-esp-elf --prefix=/Users/brnomac003/.gitlab-runner/builds/qR2TxTby/1/idf/crosstool-NG/builds/riscv32-esp-elf --exec_prefix=/Users/brnomac003/.gitlab-runner/builds/qR2TxTby/1/idf/crosstool-NG/builds/riscv32-esp-elf --with-local-prefix=/Users/brnomac003/.gitlab-runner/builds/qR2TxTby/1/idf/crosstool-NG/builds/riscv32-esp-elf/riscv32-esp-elf --with-headers=/Users/brnomac003/.gitlab-runner/builds/qR2TxTby/1/idf/crosstool-NG/builds/riscv32-esp-elf/riscv32-esp-elf/include --with-newlib --enable-threads=no --disable-shared --with-arch=rv32gc --with-abi=ilp32 --with-pkgversion='crosstool-NG esp-2022r1' --disable-__cxa_atexit --enable-cxx-flags=-ffunction-sections --disable-libgomp --disable-libmudflap --disable-libmpx --disable-libssp --disable-libquadmath --disable-libquadmath-support --disable-libstdcxx-verbose --with-gmp=/Users/brnomac003/.gitlab-runner/builds/qR2TxTby/1/idf/crosstool-NG/.build/riscv32-esp-elf/buildtools --with-mpfr=/Users/brnomac003/.gitlab-runner/builds/qR2TxTby/1/idf/crosstool-NG/.build/riscv32-esp-elf/buildtools --with-mpc=/Users/brnomac003/.gitlab-runner/builds/qR2TxTby/1/idf/crosstool-NG/.build/riscv32-esp-elf/buildtools --with-isl=/Users/brnomac003/.gitlab-runner/builds/qR2TxTby/1/idf/crosstool-NG/.build/riscv32-esp-elf/buildtools --enable-lto --enable-target-optspace --without-long-double-128 --disable-nls --enable-multiarch --enable-languages=c,c++ --disable-libstdcxx-verbose --enable-threads=posix --enable-gcov-custom-rtio --enable-libstdcxx-time=yes
Thread model: posix
Supported LTO compression algorithms: zlib
gcc version 11.2.0 (crosstool-NG esp-2022r1) 
COLLECT_GCC_OPTIONS='-march=rv32imc' '-v' '-o' 'CMakeFiles/cmTC_b0c06.dir/CMakeCXXCompilerABI.cpp.obj' '-c' '-mabi=ilp32' '-march=rv32imc' '-dumpdir' 'CMakeFiles/cmTC_b0c06.dir/'
 /Users/willa/Desktop/robotic_arm/EmbeddedCode/templates/esp-template/.embuild/espressif/tools/riscv32-esp-elf/esp-2022r1-11.2.0/riscv32-esp-elf/bin/../libexec/gcc/riscv32-esp-elf/11.2.0/cc1plus -quiet -v -imultilib rv32imc/ilp32 -iprefix /Users/willa/Desktop/robotic_arm/EmbeddedCode/templates/esp-template/.embuild/espressif/tools/riscv32-esp-elf/esp-2022r1-11.2.0/riscv32-esp-elf/bin/../lib/gcc/riscv32-esp-elf/11.2.0/ /Users/willa/Desktop/robotic_arm/EmbeddedCode/templates/esp-template/.embuild/espressif/tools/cmake/3.24.0/CMake.app/Contents/share/cmake-3.24/Modules/CMakeCXXCompilerABI.cpp -quiet -dumpdir CMakeFiles/cmTC_b0c06.dir/ -dumpbase CMakeCXXCompilerABI.cpp.cpp -dumpbase-ext .cpp -march=rv32imc -mabi=ilp32 -march=rv32imc -version -o /var/folders/23/4jr63l0d2rl38kgwygzq97s00000gn/T//ccoCTt4h.s
GNU C++17 (crosstool-NG esp-2022r1) version 11.2.0 (riscv32-esp-elf)
	compiled by GNU C version Apple LLVM 13.0.0 (clang-1300.0.27.3), GMP version 6.2.1, MPFR version 4.1.0, MPC version 1.2.1, isl version isl-0.24-GMP

GGC heuristics: --param ggc-min-expand=100 --param ggc-min-heapsize=131072
ignoring duplicate directory "/Users/willa/Desktop/robotic_arm/EmbeddedCode/templates/esp-template/.embuild/espressif/tools/riscv32-esp-elf/esp-2022r1-11.2.0/riscv32-esp-elf/bin/../lib/gcc/../../lib/gcc/riscv32-esp-elf/11.2.0/../../../../riscv32-esp-elf/include/c++/11.2.0"
ignoring duplicate directory "/Users/willa/Desktop/robotic_arm/EmbeddedCode/templates/esp-template/.embuild/espressif/tools/riscv32-esp-elf/esp-2022r1-11.2.0/riscv32-esp-elf/bin/../lib/gcc/../../lib/gcc/riscv32-esp-elf/11.2.0/../../../../riscv32-esp-elf/include/c++/11.2.0/riscv32-esp-elf/rv32imc/ilp32"
ignoring duplicate directory "/Users/willa/Desktop/robotic_arm/EmbeddedCode/templates/esp-template/.embuild/espressif/tools/riscv32-esp-elf/esp-2022r1-11.2.0/riscv32-esp-elf/bin/../lib/gcc/../../lib/gcc/riscv32-esp-elf/11.2.0/../../../../riscv32-esp-elf/include/c++/11.2.0/backward"
ignoring duplicate directory "/Users/willa/Desktop/robotic_arm/EmbeddedCode/templates/esp-template/.embuild/espressif/tools/riscv32-esp-elf/esp-2022r1-11.2.0/riscv32-esp-elf/bin/../lib/gcc/../../lib/gcc/riscv32-esp-elf/11.2.0/include"
ignoring duplicate directory "/Users/willa/Desktop/robotic_arm/EmbeddedCode/templates/esp-template/.embuild/espressif/tools/riscv32-esp-elf/esp-2022r1-11.2.0/riscv32-esp-elf/bin/../lib/gcc/../../lib/gcc/riscv32-esp-elf/11.2.0/include-fixed"
ignoring duplicate directory "/Users/willa/Desktop/robotic_arm/EmbeddedCode/templates/esp-template/.embuild/espressif/tools/riscv32-esp-elf/esp-2022r1-11.2.0/riscv32-esp-elf/bin/../lib/gcc/../../lib/gcc/riscv32-esp-elf/11.2.0/../../../../riscv32-esp-elf/sys-include"
ignoring duplicate directory "/Users/willa/Desktop/robotic_arm/EmbeddedCode/templates/esp-template/.embuild/espressif/tools/riscv32-esp-elf/esp-2022r1-11.2.0/riscv32-esp-elf/bin/../lib/gcc/../../lib/gcc/riscv32-esp-elf/11.2.0/../../../../riscv32-esp-elf/include"
#include "..." search starts here:
#include <...> search starts here:
 /Users/willa/Desktop/robotic_arm/EmbeddedCode/templates/esp-template/.embuild/espressif/tools/riscv32-esp-elf/esp-2022r1-11.2.0/riscv32-esp-elf/bin/../lib/gcc/riscv32-esp-elf/11.2.0/../../../../riscv32-esp-elf/include/c++/11.2.0
 /Users/willa/Desktop/robotic_arm/EmbeddedCode/templates/esp-template/.embuild/espressif/tools/riscv32-esp-elf/esp-2022r1-11.2.0/riscv32-esp-elf/bin/../lib/gcc/riscv32-esp-elf/11.2.0/../../../../riscv32-esp-elf/include/c++/11.2.0/riscv32-esp-elf/rv32imc/ilp32
 /Users/willa/Desktop/robotic_arm/EmbeddedCode/templates/esp-template/.embuild/espressif/tools/riscv32-esp-elf/esp-2022r1-11.2.0/riscv32-esp-elf/bin/../lib/gcc/riscv32-esp-elf/11.2.0/../../../../riscv32-esp-elf/include/c++/11.2.0/backward
 /Users/willa/Desktop/robotic_arm/EmbeddedCode/templates/esp-template/.embuild/espressif/tools/riscv32-esp-elf/esp-2022r1-11.2.0/riscv32-esp-elf/bin/../lib/gcc/riscv32-esp-elf/11.2.0/include
 /Users/willa/Desktop/robotic_arm/EmbeddedCode/templates/esp-template/.embuild/espressif/tools/riscv32-esp-elf/esp-2022r1-11.2.0/riscv32-esp-elf/bin/../lib/gcc/riscv32-esp-elf/11.2.0/include-fixed
 /Users/willa/Desktop/robotic_arm/EmbeddedCode/templates/esp-template/.embuild/espressif/tools/riscv32-esp-elf/esp-2022r1-11.2.0/riscv32-esp-elf/bin/../lib/gcc/riscv32-esp-elf/11.2.0/../../../../riscv32-esp-elf/sys-include
 /Users/willa/Desktop/robotic_arm/EmbeddedCode/templates/esp-template/.embuild/espressif/tools/riscv32-esp-elf/esp-2022r1-11.2.0/riscv32-esp-elf/bin/../lib/gcc/riscv32-esp-elf/11.2.0/../../../../riscv32-esp-elf/include
End of search list.
GNU C++17 (crosstool-NG esp-2022r1) version 11.2.0 (riscv32-esp-elf)
	compiled by GNU C version Apple LLVM 13.0.0 (clang-1300.0.27.3), GMP version 6.2.1, MPFR version 4.1.0, MPC version 1.2.1, isl version isl-0.24-GMP

GGC heuristics: --param ggc-min-expand=100 --param ggc-min-heapsize=131072
Compiler executable checksum: 67510f2750a170eb78b29665e2ea707e
COLLECT_GCC_OPTIONS='-march=rv32imc' '-v' '-o' 'CMakeFiles/cmTC_b0c06.dir/CMakeCXXCompilerABI.cpp.obj' '-c' '-mabi=ilp32' '-march=rv32imc' '-dumpdir' 'CMakeFiles/cmTC_b0c06.dir/'
 /Users/willa/Desktop/robotic_arm/EmbeddedCode/templates/esp-template/.embuild/espressif/tools/riscv32-esp-elf/esp-2022r1-11.2.0/riscv32-esp-elf/bin/../lib/gcc/riscv32-esp-elf/11.2.0/../../../../riscv32-esp-elf/bin/as -v --traditional-format -march=rv32imc -march=rv32imc -mabi=ilp32 -o CMakeFiles/cmTC_b0c06.dir/CMakeCXXCompilerABI.cpp.obj /var/folders/23/4jr63l0d2rl38kgwygzq97s00000gn/T//ccoCTt4h.s
GNU assembler version 2.35.1 (riscv32-esp-elf) using BFD version (crosstool-NG esp-2022r1) 2.35.1.20201223
COMPILER_PATH=/Users/willa/Desktop/robotic_arm/EmbeddedCode/templates/esp-template/.embuild/espressif/tools/riscv32-esp-elf/esp-2022r1-11.2.0/riscv32-esp-elf/bin/../libexec/gcc/riscv32-esp-elf/11.2.0/:/Users/willa/Desktop/robotic_arm/EmbeddedCode/templates/esp-template/.embuild/espressif/tools/riscv32-esp-elf/esp-2022r1-11.2.0/riscv32-esp-elf/bin/../libexec/gcc/:/Users/willa/Desktop/robotic_arm/EmbeddedCode/templates/esp-template/.embuild/espressif/tools/riscv32-esp-elf/esp-2022r1-11.2.0/riscv32-esp-elf/bin/../lib/gcc/riscv32-esp-elf/11.2.0/../../../../riscv32-esp-elf/bin/
LIBRARY_PATH=/Users/willa/Desktop/robotic_arm/EmbeddedCode/templates/esp-template/.embuild/espressif/tools/riscv32-esp-elf/esp-2022r1-11.2.0/riscv32-esp-elf/bin/../lib/gcc/riscv32-esp-elf/11.2.0/rv32imc/ilp32/:/Users/willa/Desktop/robotic_arm/EmbeddedCode/templates/esp-template/.embuild/espressif/tools/riscv32-esp-elf/esp-2022r1-11.2.0/riscv32-esp-elf/bin/../lib/gcc/riscv32-esp-elf/11.2.0/../../../../riscv32-esp-elf/lib/rv32imc/ilp32/:/Users/willa/Desktop/robotic_arm/EmbeddedCode/templates/esp-template/.embuild/espressif/tools/riscv32-esp-elf/esp-2022r1-11.2.0/riscv32-esp-elf/bin/../lib/gcc/riscv32-esp-elf/11.2.0/:/Users/willa/Desktop/robotic_arm/EmbeddedCode/templates/esp-template/.embuild/espressif/tools/riscv32-esp-elf/esp-2022r1-11.2.0/riscv32-esp-elf/bin/../lib/gcc/:/Users/willa/Desktop/robotic_arm/EmbeddedCode/templates/esp-template/.embuild/espressif/tools/riscv32-esp-elf/esp-2022r1-11.2.0/riscv32-esp-elf/bin/../lib/gcc/riscv32-esp-elf/11.2.0/../../../../riscv32-esp-elf/lib/
COLLECT_GCC_OPTIONS='-march=rv32imc' '-v' '-o' 'CMakeFiles/cmTC_b0c06.dir/CMakeCXXCompilerABI.cpp.obj' '-c' '-mabi=ilp32' '-march=rv32imc' '-dumpdir' 'CMakeFiles/cmTC_b0c06.dir/CMakeCXXCompilerABI.cpp.'
[2/2] Linking CXX executable cmTC_b0c06
Using built-in specs.
Reading specs from /Users/willa/Desktop/robotic_arm/EmbeddedCode/templates/esp-template/.embuild/espressif/tools/riscv32-esp-elf/esp-2022r1-11.2.0/riscv32-esp-elf/bin/../lib/gcc/riscv32-esp-elf/11.2.0/../../../../riscv32-esp-elf/lib/nosys.specs
rename spec link_gcc_c_sequence to nosys_link_gcc_c_sequence
COLLECT_GCC=/Users/willa/Desktop/robotic_arm/EmbeddedCode/templates/esp-template/.embuild/espressif/tools/riscv32-esp-elf/esp-2022r1-11.2.0/riscv32-esp-elf/bin/riscv32-esp-elf-g++
COLLECT_LTO_WRAPPER=/Users/willa/Desktop/robotic_arm/EmbeddedCode/templates/esp-template/.embuild/espressif/tools/riscv32-esp-elf/esp-2022r1-11.2.0/riscv32-esp-elf/bin/../libexec/gcc/riscv32-esp-elf/11.2.0/lto-wrapper
Target: riscv32-esp-elf
Configured with: /Users/brnomac003/.gitlab-runner/builds/qR2TxTby/1/idf/crosstool-NG/.build/riscv32-esp-elf/src/gcc/configure --build=aarch64-build_apple-darwin21.4.0 --host=aarch64-build_apple-darwin21.4.0 --target=riscv32-esp-elf --prefix=/Users/brnomac003/.gitlab-runner/builds/qR2TxTby/1/idf/crosstool-NG/builds/riscv32-esp-elf --exec_prefix=/Users/brnomac003/.gitlab-runner/builds/qR2TxTby/1/idf/crosstool-NG/builds/riscv32-esp-elf --with-local-prefix=/Users/brnomac003/.gitlab-runner/builds/qR2TxTby/1/idf/crosstool-NG/builds/riscv32-esp-elf/riscv32-esp-elf --with-headers=/Users/brnomac003/.gitlab-runner/builds/qR2TxTby/1/idf/crosstool-NG/builds/riscv32-esp-elf/riscv32-esp-elf/include --with-newlib --enable-threads=no --disable-shared --with-arch=rv32gc --with-abi=ilp32 --with-pkgversion='crosstool-NG esp-2022r1' --disable-__cxa_atexit --enable-cxx-flags=-ffunction-sections --disable-libgomp --disable-libmudflap --disable-libmpx --disable-libssp --disable-libquadmath --disable-libquadmath-support --disable-libstdcxx-verbose --with-gmp=/Users/brnomac003/.gitlab-runner/builds/qR2TxTby/1/idf/crosstool-NG/.build/riscv32-esp-elf/buildtools --with-mpfr=/Users/brnomac003/.gitlab-runner/builds/qR2TxTby/1/idf/crosstool-NG/.build/riscv32-esp-elf/buildtools --with-mpc=/Users/brnomac003/.gitlab-runner/builds/qR2TxTby/1/idf/crosstool-NG/.build/riscv32-esp-elf/buildtools --with-isl=/Users/brnomac003/.gitlab-runner/builds/qR2TxTby/1/idf/crosstool-NG/.build/riscv32-esp-elf/buildtools --enable-lto --enable-target-optspace --without-long-double-128 --disable-nls --enable-multiarch --enable-languages=c,c++ --disable-libstdcxx-verbose --enable-threads=posix --enable-gcov-custom-rtio --enable-libstdcxx-time=yes
Thread model: posix
Supported LTO compression algorithms: zlib
gcc version 11.2.0 (crosstool-NG esp-2022r1) 
COMPILER_PATH=/Users/willa/Desktop/robotic_arm/EmbeddedCode/templates/esp-template/.embuild/espressif/tools/riscv32-esp-elf/esp-2022r1-11.2.0/riscv32-esp-elf/bin/../libexec/gcc/riscv32-esp-elf/11.2.0/:/Users/willa/Desktop/robotic_arm/EmbeddedCode/templates/esp-template/.embuild/espressif/tools/riscv32-esp-elf/esp-2022r1-11.2.0/riscv32-esp-elf/bin/../libexec/gcc/:/Users/willa/Desktop/robotic_arm/EmbeddedCode/templates/esp-template/.embuild/espressif/tools/riscv32-esp-elf/esp-2022r1-11.2.0/riscv32-esp-elf/bin/../lib/gcc/riscv32-esp-elf/11.2.0/../../../../riscv32-esp-elf/bin/
LIBRARY_PATH=/Users/willa/Desktop/robotic_arm/EmbeddedCode/templates/esp-template/.embuild/espressif/tools/riscv32-esp-elf/esp-2022r1-11.2.0/riscv32-esp-elf/bin/../lib/gcc/riscv32-esp-elf/11.2.0/rv32imc/ilp32/:/Users/willa/Desktop/robotic_arm/EmbeddedCode/templates/esp-template/.embuild/espressif/tools/riscv32-esp-elf/esp-2022r1-11.2.0/riscv32-esp-elf/bin/../lib/gcc/riscv32-esp-elf/11.2.0/../../../../riscv32-esp-elf/lib/rv32imc/ilp32/:/Users/willa/Desktop/robotic_arm/EmbeddedCode/templates/esp-template/.embuild/espressif/tools/riscv32-esp-elf/esp-2022r1-11.2.0/riscv32-esp-elf/bin/../lib/gcc/riscv32-esp-elf/11.2.0/:/Users/willa/Desktop/robotic_arm/EmbeddedCode/templates/esp-template/.embuild/espressif/tools/riscv32-esp-elf/esp-2022r1-11.2.0/riscv32-esp-elf/bin/../lib/gcc/:/Users/willa/Desktop/robotic_arm/EmbeddedCode/templates/esp-template/.embuild/espressif/tools/riscv32-esp-elf/esp-2022r1-11.2.0/riscv32-esp-elf/bin/../lib/gcc/riscv32-esp-elf/11.2.0/../../../../riscv32-esp-elf/lib/
COLLECT_GCC_OPTIONS='-nostartfiles' '-march=rv32imc' '-specs=nosys.specs' '-v' '-o' 'cmTC_b0c06' '-mabi=ilp32' '-march=rv32imc' '-dumpdir' 'cmTC_b0c06.'
 /Users/willa/Desktop/robotic_arm/EmbeddedCode/templates/esp-template/.embuild/espressif/tools/riscv32-esp-elf/esp-2022r1-11.2.0/riscv32-esp-elf/bin/../libexec/gcc/riscv32-esp-elf/11.2.0/collect2 -plugin /Users/willa/Desktop/robotic_arm/EmbeddedCode/templates/esp-template/.embuild/espressif/tools/riscv32-esp-elf/esp-2022r1-11.2.0/riscv32-esp-elf/bin/../libexec/gcc/riscv32-esp-elf/11.2.0/liblto_plugin.so -plugin-opt=/Users/willa/Desktop/robotic_arm/EmbeddedCode/templates/esp-template/.embuild/espressif/tools/riscv32-esp-elf/esp-2022r1-11.2.0/riscv32-esp-elf/bin/../libexec/gcc/riscv32-esp-elf/11.2.0/lto-wrapper -plugin-opt=-fresolution=/var/folders/23/4jr63l0d2rl38kgwygzq97s00000gn/T//ccz7XHpb.res -plugin-opt=-pass-through=-lgcc -plugin-opt=-pass-through=-lc -plugin-opt=-pass-through=-lnosys -plugin-opt=-pass-through=-lc -plugin-opt=-pass-through=-lgcc -plugin-opt=-pass-through=-lgcc -plugin-opt=-pass-through=-lc -plugin-opt=-pass-through=-lnosys -melf32lriscv -o cmTC_b0c06 -L/Users/willa/Desktop/robotic_arm/EmbeddedCode/templates/esp-template/.embuild/espressif/tools/riscv32-esp-elf/esp-2022r1-11.2.0/riscv32-esp-elf/bin/../lib/gcc/riscv32-esp-elf/11.2.0/rv32imc/ilp32 -L/Users/willa/Desktop/robotic_arm/EmbeddedCode/templates/esp-template/.embuild/espressif/tools/riscv32-esp-elf/esp-2022r1-11.2.0/riscv32-esp-elf/bin/../lib/gcc/riscv32-esp-elf/11.2.0/../../../../riscv32-esp-elf/lib/rv32imc/ilp32 -L/Users/willa/Desktop/robotic_arm/EmbeddedCode/templates/esp-template/.embuild/espressif/tools/riscv32-esp-elf/esp-2022r1-11.2.0/riscv32-esp-elf/bin/../lib/gcc/riscv32-esp-elf/11.2.0 -L/Users/willa/Desktop/robotic_arm/EmbeddedCode/templates/esp-template/.embuild/espressif/tools/riscv32-esp-elf/esp-2022r1-11.2.0/riscv32-esp-elf/bin/../lib/gcc -L/Users/willa/Desktop/robotic_arm/EmbeddedCode/templates/esp-template/.embuild/espressif/tools/riscv32-esp-elf/esp-2022r1-11.2.0/riscv32-esp-elf/bin/../lib/gcc/riscv32-esp-elf/11.2.0/../../../../riscv32-esp-elf/lib CMakeFiles/cmTC_b0c06.dir/CMakeCXXCompilerABI.cpp.obj -lstdc++ -lm -lgcc -lc -lnosys -lc -lgcc --start-group -lgcc -lc -lnosys --end-group
/Users/willa/Desktop/robotic_arm/EmbeddedCode/templates/esp-template/.embuild/espressif/tools/riscv32-esp-elf/esp-2022r1-11.2.0/riscv32-esp-elf/bin/../lib/gcc/riscv32-esp-elf/11.2.0/../../../../riscv32-esp-elf/bin/ld: warning: cannot find entry symbol _start; defaulting to 0000000000010054
COLLECT_GCC_OPTIONS='-nostartfiles' '-march=rv32imc' '-specs=nosys.specs' '-v' '-o' 'cmTC_b0c06' '-mabi=ilp32' '-march=rv32imc' '-dumpdir' 'cmTC_b0c06.'



Parsed CXX implicit include dir info from above output: rv=done
  found start of include info
  found start of implicit include info
    add: [/Users/willa/Desktop/robotic_arm/EmbeddedCode/templates/esp-template/.embuild/espressif/tools/riscv32-esp-elf/esp-2022r1-11.2.0/riscv32-esp-elf/bin/../lib/gcc/riscv32-esp-elf/11.2.0/../../../../riscv32-esp-elf/include/c++/11.2.0]
    add: [/Users/willa/Desktop/robotic_arm/EmbeddedCode/templates/esp-template/.embuild/espressif/tools/riscv32-esp-elf/esp-2022r1-11.2.0/riscv32-esp-elf/bin/../lib/gcc/riscv32-esp-elf/11.2.0/../../../../riscv32-esp-elf/include/c++/11.2.0/riscv32-esp-elf/rv32imc/ilp32]
    add: [/Users/willa/Desktop/robotic_arm/EmbeddedCode/templates/esp-template/.embuild/espressif/tools/riscv32-esp-elf/esp-2022r1-11.2.0/riscv32-esp-elf/bin/../lib/gcc/riscv32-esp-elf/11.2.0/../../../../riscv32-esp-elf/include/c++/11.2.0/backward]
    add: [/Users/willa/Desktop/robotic_arm/EmbeddedCode/templates/esp-template/.embuild/espressif/tools/riscv32-esp-elf/esp-2022r1-11.2.0/riscv32-esp-elf/bin/../lib/gcc/riscv32-esp-elf/11.2.0/include]
    add: [/Users/willa/Desktop/robotic_arm/EmbeddedCode/templates/esp-template/.embuild/espressif/tools/riscv32-esp-elf/esp-2022r1-11.2.0/riscv32-esp-elf/bin/../lib/gcc/riscv32-esp-elf/11.2.0/include-fixed]
    add: [/Users/willa/Desktop/robotic_arm/EmbeddedCode/templates/esp-template/.embuild/espressif/tools/riscv32-esp-elf/esp-2022r1-11.2.0/riscv32-esp-elf/bin/../lib/gcc/riscv32-esp-elf/11.2.0/../../../../riscv32-esp-elf/sys-include]
    add: [/Users/willa/Desktop/robotic_arm/EmbeddedCode/templates/esp-template/.embuild/espressif/tools/riscv32-esp-elf/esp-2022r1-11.2.0/riscv32-esp-elf/bin/../lib/gcc/riscv32-esp-elf/11.2.0/../../../../riscv32-esp-elf/include]
  end of search list found
  collapse include dir [/Users/willa/Desktop/robotic_arm/EmbeddedCode/templates/esp-template/.embuild/espressif/tools/riscv32-esp-elf/esp-2022r1-11.2.0/riscv32-esp-elf/bin/../lib/gcc/riscv32-esp-elf/11.2.0/../../../../riscv32-esp-elf/include/c++/11.2.0] ==> [/Users/willa/Desktop/robotic_arm/EmbeddedCode/templates/esp-template/.embuild/espressif/tools/riscv32-esp-elf/esp-2022r1-11.2.0/riscv32-esp-elf/riscv32-esp-elf/include/c++/11.2.0]
  collapse include dir [/Users/willa/Desktop/robotic_arm/EmbeddedCode/templates/esp-template/.embuild/espressif/tools/riscv32-esp-elf/esp-2022r1-11.2.0/riscv32-esp-elf/bin/../lib/gcc/riscv32-esp-elf/11.2.0/../../../../riscv32-esp-elf/include/c++/11.2.0/riscv32-esp-elf/rv32imc/ilp32] ==> [/Users/willa/Desktop/robotic_arm/EmbeddedCode/templates/esp-template/.embuild/espressif/tools/riscv32-esp-elf/esp-2022r1-11.2.0/riscv32-esp-elf/riscv32-esp-elf/include/c++/11.2.0/riscv32-esp-elf/rv32imc/ilp32]
  collapse include dir [/Users/willa/Desktop/robotic_arm/EmbeddedCode/templates/esp-template/.embuild/espressif/tools/riscv32-esp-elf/esp-2022r1-11.2.0/riscv32-esp-elf/bin/../lib/gcc/riscv32-esp-elf/11.2.0/../../../../riscv32-esp-elf/include/c++/11.2.0/backward] ==> [/Users/willa/Desktop/robotic_arm/EmbeddedCode/templates/esp-template/.embuild/espressif/tools/riscv32-esp-elf/esp-2022r1-11.2.0/riscv32-esp-elf/riscv32-esp-elf/include/c++/11.2.0/backward]
  collapse include dir [/Users/willa/Desktop/robotic_arm/EmbeddedCode/templates/esp-template/.embuild/espressif/tools/riscv32-esp-elf/esp-2022r1-11.2.0/riscv32-esp-elf/bin/../lib/gcc/riscv32-esp-elf/11.2.0/include] ==> [/Users/willa/Desktop/robotic_arm/EmbeddedCode/templates/esp-template/.embuild/espressif/tools/riscv32-esp-elf/esp-2022r1-11.2.0/riscv32-esp-elf/lib/gcc/riscv32-esp-elf/11.2.0/include]
  collapse include dir [/Users/willa/Desktop/robotic_arm/EmbeddedCode/templates/esp-template/.embuild/espressif/tools/riscv32-esp-elf/esp-2022r1-11.2.0/riscv32-esp-elf/bin/../lib/gcc/riscv32-esp-elf/11.2.0/include-fixed] ==> [/Users/willa/Desktop/robotic_arm/EmbeddedCode/templates/esp-template/.embuild/espressif/tools/riscv32-esp-elf/esp-2022r1-11.2.0/riscv32-esp-elf/lib/gcc/riscv32-esp-elf/11.2.0/include-fixed]
  collapse include dir [/Users/willa/Desktop/robotic_arm/EmbeddedCode/templates/esp-template/.embuild/espressif/tools/riscv32-esp-elf/esp-2022r1-11.2.0/riscv32-esp-elf/bin/../lib/gcc/riscv32-esp-elf/11.2.0/../../../../riscv32-esp-elf/sys-include] ==> [/Users/willa/Desktop/robotic_arm/EmbeddedCode/templates/esp-template/.embuild/espressif/tools/riscv32-esp-elf/esp-2022r1-11.2.0/riscv32-esp-elf/riscv32-esp-elf/sys-include]
  collapse include dir [/Users/willa/Desktop/robotic_arm/EmbeddedCode/templates/esp-template/.embuild/espressif/tools/riscv32-esp-elf/esp-2022r1-11.2.0/riscv32-esp-elf/bin/../lib/gcc/riscv32-esp-elf/11.2.0/../../../../riscv32-esp-elf/include] ==> [/Users/willa/Desktop/robotic_arm/EmbeddedCode/templates/esp-template/.embuild/espressif/tools/riscv32-esp-elf/esp-2022r1-11.2.0/riscv32-esp-elf/riscv32-esp-elf/include]
  implicit include dirs: [/Users/willa/Desktop/robotic_arm/EmbeddedCode/templates/esp-template/.embuild/espressif/tools/riscv32-esp-elf/esp-2022r1-11.2.0/riscv32-esp-elf/riscv32-esp-elf/include/c++/11.2.0;/Users/willa/Desktop/robotic_arm/EmbeddedCode/templates/esp-template/.embuild/espressif/tools/riscv32-esp-elf/esp-2022r1-11.2.0/riscv32-esp-elf/riscv32-esp-elf/include/c++/11.2.0/riscv32-esp-elf/rv32imc/ilp32;/Users/willa/Desktop/robotic_arm/EmbeddedCode/templates/esp-template/.embuild/espressif/tools/riscv32-esp-elf/esp-2022r1-11.2.0/riscv32-esp-elf/riscv32-esp-elf/include/c++/11.2.0/backward;/Users/willa/Desktop/robotic_arm/EmbeddedCode/templates/esp-template/.embuild/espressif/tools/riscv32-esp-elf/esp-2022r1-11.2.0/riscv32-esp-elf/lib/gcc/riscv32-esp-elf/11.2.0/include;/Users/willa/Desktop/robotic_arm/EmbeddedCode/templates/esp-template/.embuild/espressif/tools/riscv32-esp-elf/esp-2022r1-11.2.0/riscv32-esp-elf/lib/gcc/riscv32-esp-elf/11.2.0/include-fixed;/Users/willa/Desktop/robotic_arm/EmbeddedCode/templates/esp-template/.embuild/espressif/tools/riscv32-esp-elf/esp-2022r1-11.2.0/riscv32-esp-elf/riscv32-esp-elf/sys-include;/Users/willa/Desktop/robotic_arm/EmbeddedCode/templates/esp-template/.embuild/espressif/tools/riscv32-esp-elf/esp-2022r1-11.2.0/riscv32-esp-elf/riscv32-esp-elf/include]


Parsed CXX implicit link information from above output:
  link line regex: [^( *|.*[/\])(riscv32-esp-elf-ld|CMAKE_LINK_STARTFILE-NOTFOUND|([^/\]+-)?ld|collect2)[^/\]*( |$)]
  ignore line: [Change Dir: /Users/willa/Desktop/robotic_arm/EmbeddedCode/templates/esp-template/target/riscv32imc-esp-espidf/debug/build/esp-idf-sys-9f6b4ed75c495505/out/build/bootloader/CMakeFiles/CMakeTmp]
  ignore line: []
  ignore line: [Run Build Command(s):/Users/willa/Desktop/robotic_arm/EmbeddedCode/templates/esp-template/.embuild/espressif/tools/ninja/1.10.2/ninja cmTC_b0c06 && [1/2] Building CXX object CMakeFiles/cmTC_b0c06.dir/CMakeCXXCompilerABI.cpp.obj]
  ignore line: [Using built-in specs.]
  ignore line: [COLLECT_GCC=/Users/willa/Desktop/robotic_arm/EmbeddedCode/templates/esp-template/.embuild/espressif/tools/riscv32-esp-elf/esp-2022r1-11.2.0/riscv32-esp-elf/bin/riscv32-esp-elf-g++]
  ignore line: [Target: riscv32-esp-elf]
  ignore line: [Configured with: /Users/brnomac003/.gitlab-runner/builds/qR2TxTby/1/idf/crosstool-NG/.build/riscv32-esp-elf/src/gcc/configure --build=aarch64-build_apple-darwin21.4.0 --host=aarch64-build_apple-darwin21.4.0 --target=riscv32-esp-elf --prefix=/Users/brnomac003/.gitlab-runner/builds/qR2TxTby/1/idf/crosstool-NG/builds/riscv32-esp-elf --exec_prefix=/Users/brnomac003/.gitlab-runner/builds/qR2TxTby/1/idf/crosstool-NG/builds/riscv32-esp-elf --with-local-prefix=/Users/brnomac003/.gitlab-runner/builds/qR2TxTby/1/idf/crosstool-NG/builds/riscv32-esp-elf/riscv32-esp-elf --with-headers=/Users/brnomac003/.gitlab-runner/builds/qR2TxTby/1/idf/crosstool-NG/builds/riscv32-esp-elf/riscv32-esp-elf/include --with-newlib --enable-threads=no --disable-shared --with-arch=rv32gc --with-abi=ilp32 --with-pkgversion='crosstool-NG esp-2022r1' --disable-__cxa_atexit --enable-cxx-flags=-ffunction-sections --disable-libgomp --disable-libmudflap --disable-libmpx --disable-libssp --disable-libquadmath --disable-libquadmath-support --disable-libstdcxx-verbose --with-gmp=/Users/brnomac003/.gitlab-runner/builds/qR2TxTby/1/idf/crosstool-NG/.build/riscv32-esp-elf/buildtools --with-mpfr=/Users/brnomac003/.gitlab-runner/builds/qR2TxTby/1/idf/crosstool-NG/.build/riscv32-esp-elf/buildtools --with-mpc=/Users/brnomac003/.gitlab-runner/builds/qR2TxTby/1/idf/crosstool-NG/.build/riscv32-esp-elf/buildtools --with-isl=/Users/brnomac003/.gitlab-runner/builds/qR2TxTby/1/idf/crosstool-NG/.build/riscv32-esp-elf/buildtools --enable-lto --enable-target-optspace --without-long-double-128 --disable-nls --enable-multiarch --enable-languages=c c++ --disable-libstdcxx-verbose --enable-threads=posix --enable-gcov-custom-rtio --enable-libstdcxx-time=yes]
  ignore line: [Thread model: posix]
  ignore line: [Supported LTO compression algorithms: zlib]
  ignore line: [gcc version 11.2.0 (crosstool-NG esp-2022r1) ]
  ignore line: [COLLECT_GCC_OPTIONS='-march=rv32imc' '-v' '-o' 'CMakeFiles/cmTC_b0c06.dir/CMakeCXXCompilerABI.cpp.obj' '-c' '-mabi=ilp32' '-march=rv32imc' '-dumpdir' 'CMakeFiles/cmTC_b0c06.dir/']
  ignore line: [ /Users/willa/Desktop/robotic_arm/EmbeddedCode/templates/esp-template/.embuild/espressif/tools/riscv32-esp-elf/esp-2022r1-11.2.0/riscv32-esp-elf/bin/../libexec/gcc/riscv32-esp-elf/11.2.0/cc1plus -quiet -v -imultilib rv32imc/ilp32 -iprefix /Users/willa/Desktop/robotic_arm/EmbeddedCode/templates/esp-template/.embuild/espressif/tools/riscv32-esp-elf/esp-2022r1-11.2.0/riscv32-esp-elf/bin/../lib/gcc/riscv32-esp-elf/11.2.0/ /Users/willa/Desktop/robotic_arm/EmbeddedCode/templates/esp-template/.embuild/espressif/tools/cmake/3.24.0/CMake.app/Contents/share/cmake-3.24/Modules/CMakeCXXCompilerABI.cpp -quiet -dumpdir CMakeFiles/cmTC_b0c06.dir/ -dumpbase CMakeCXXCompilerABI.cpp.cpp -dumpbase-ext .cpp -march=rv32imc -mabi=ilp32 -march=rv32imc -version -o /var/folders/23/4jr63l0d2rl38kgwygzq97s00000gn/T//ccoCTt4h.s]
  ignore line: [GNU C++17 (crosstool-NG esp-2022r1) version 11.2.0 (riscv32-esp-elf)]
  ignore line: [	compiled by GNU C version Apple LLVM 13.0.0 (clang-1300.0.27.3)  GMP version 6.2.1  MPFR version 4.1.0  MPC version 1.2.1  isl version isl-0.24-GMP]
  ignore line: []
  ignore line: [GGC heuristics: --param ggc-min-expand=100 --param ggc-min-heapsize=131072]
  ignore line: [ignoring duplicate directory "/Users/willa/Desktop/robotic_arm/EmbeddedCode/templates/esp-template/.embuild/espressif/tools/riscv32-esp-elf/esp-2022r1-11.2.0/riscv32-esp-elf/bin/../lib/gcc/../../lib/gcc/riscv32-esp-elf/11.2.0/../../../../riscv32-esp-elf/include/c++/11.2.0"]
  ignore line: [ignoring duplicate directory "/Users/willa/Desktop/robotic_arm/EmbeddedCode/templates/esp-template/.embuild/espressif/tools/riscv32-esp-elf/esp-2022r1-11.2.0/riscv32-esp-elf/bin/../lib/gcc/../../lib/gcc/riscv32-esp-elf/11.2.0/../../../../riscv32-esp-elf/include/c++/11.2.0/riscv32-esp-elf/rv32imc/ilp32"]
  ignore line: [ignoring duplicate directory "/Users/willa/Desktop/robotic_arm/EmbeddedCode/templates/esp-template/.embuild/espressif/tools/riscv32-esp-elf/esp-2022r1-11.2.0/riscv32-esp-elf/bin/../lib/gcc/../../lib/gcc/riscv32-esp-elf/11.2.0/../../../../riscv32-esp-elf/include/c++/11.2.0/backward"]
  ignore line: [ignoring duplicate directory "/Users/willa/Desktop/robotic_arm/EmbeddedCode/templates/esp-template/.embuild/espressif/tools/riscv32-esp-elf/esp-2022r1-11.2.0/riscv32-esp-elf/bin/../lib/gcc/../../lib/gcc/riscv32-esp-elf/11.2.0/include"]
  ignore line: [ignoring duplicate directory "/Users/willa/Desktop/robotic_arm/EmbeddedCode/templates/esp-template/.embuild/espressif/tools/riscv32-esp-elf/esp-2022r1-11.2.0/riscv32-esp-elf/bin/../lib/gcc/../../lib/gcc/riscv32-esp-elf/11.2.0/include-fixed"]
  ignore line: [ignoring duplicate directory "/Users/willa/Desktop/robotic_arm/EmbeddedCode/templates/esp-template/.embuild/espressif/tools/riscv32-esp-elf/esp-2022r1-11.2.0/riscv32-esp-elf/bin/../lib/gcc/../../lib/gcc/riscv32-esp-elf/11.2.0/../../../../riscv32-esp-elf/sys-include"]
  ignore line: [ignoring duplicate directory "/Users/willa/Desktop/robotic_arm/EmbeddedCode/templates/esp-template/.embuild/espressif/tools/riscv32-esp-elf/esp-2022r1-11.2.0/riscv32-esp-elf/bin/../lib/gcc/../../lib/gcc/riscv32-esp-elf/11.2.0/../../../../riscv32-esp-elf/include"]
  ignore line: [#include "..." search starts here:]
  ignore line: [#include <...> search starts here:]
  ignore line: [ /Users/willa/Desktop/robotic_arm/EmbeddedCode/templates/esp-template/.embuild/espressif/tools/riscv32-esp-elf/esp-2022r1-11.2.0/riscv32-esp-elf/bin/../lib/gcc/riscv32-esp-elf/11.2.0/../../../../riscv32-esp-elf/include/c++/11.2.0]
  ignore line: [ /Users/willa/Desktop/robotic_arm/EmbeddedCode/templates/esp-template/.embuild/espressif/tools/riscv32-esp-elf/esp-2022r1-11.2.0/riscv32-esp-elf/bin/../lib/gcc/riscv32-esp-elf/11.2.0/../../../../riscv32-esp-elf/include/c++/11.2.0/riscv32-esp-elf/rv32imc/ilp32]
  ignore line: [ /Users/willa/Desktop/robotic_arm/EmbeddedCode/templates/esp-template/.embuild/espressif/tools/riscv32-esp-elf/esp-2022r1-11.2.0/riscv32-esp-elf/bin/../lib/gcc/riscv32-esp-elf/11.2.0/../../../../riscv32-esp-elf/include/c++/11.2.0/backward]
  ignore line: [ /Users/willa/Desktop/robotic_arm/EmbeddedCode/templates/esp-template/.embuild/espressif/tools/riscv32-esp-elf/esp-2022r1-11.2.0/riscv32-esp-elf/bin/../lib/gcc/riscv32-esp-elf/11.2.0/include]
  ignore line: [ /Users/willa/Desktop/robotic_arm/EmbeddedCode/templates/esp-template/.embuild/espressif/tools/riscv32-esp-elf/esp-2022r1-11.2.0/riscv32-esp-elf/bin/../lib/gcc/riscv32-esp-elf/11.2.0/include-fixed]
  ignore line: [ /Users/willa/Desktop/robotic_arm/EmbeddedCode/templates/esp-template/.embuild/espressif/tools/riscv32-esp-elf/esp-2022r1-11.2.0/riscv32-esp-elf/bin/../lib/gcc/riscv32-esp-elf/11.2.0/../../../../riscv32-esp-elf/sys-include]
  ignore line: [ /Users/willa/Desktop/robotic_arm/EmbeddedCode/templates/esp-template/.embuild/espressif/tools/riscv32-esp-elf/esp-2022r1-11.2.0/riscv32-esp-elf/bin/../lib/gcc/riscv32-esp-elf/11.2.0/../../../../riscv32-esp-elf/include]
  ignore line: [End of search list.]
  ignore line: [GNU C++17 (crosstool-NG esp-2022r1) version 11.2.0 (riscv32-esp-elf)]
  ignore line: [	compiled by GNU C version Apple LLVM 13.0.0 (clang-1300.0.27.3)  GMP version 6.2.1  MPFR version 4.1.0  MPC version 1.2.1  isl version isl-0.24-GMP]
  ignore line: []
  ignore line: [GGC heuristics: --param ggc-min-expand=100 --param ggc-min-heapsize=131072]
  ignore line: [Compiler executable checksum: 67510f2750a170eb78b29665e2ea707e]
  ignore line: [COLLECT_GCC_OPTIONS='-march=rv32imc' '-v' '-o' 'CMakeFiles/cmTC_b0c06.dir/CMakeCXXCompilerABI.cpp.obj' '-c' '-mabi=ilp32' '-march=rv32imc' '-dumpdir' 'CMakeFiles/cmTC_b0c06.dir/']
  ignore line: [ /Users/willa/Desktop/robotic_arm/EmbeddedCode/templates/esp-template/.embuild/espressif/tools/riscv32-esp-elf/esp-2022r1-11.2.0/riscv32-esp-elf/bin/../lib/gcc/riscv32-esp-elf/11.2.0/../../../../riscv32-esp-elf/bin/as -v --traditional-format -march=rv32imc -march=rv32imc -mabi=ilp32 -o CMakeFiles/cmTC_b0c06.dir/CMakeCXXCompilerABI.cpp.obj /var/folders/23/4jr63l0d2rl38kgwygzq97s00000gn/T//ccoCTt4h.s]
  ignore line: [GNU assembler version 2.35.1 (riscv32-esp-elf) using BFD version (crosstool-NG esp-2022r1) 2.35.1.20201223]
  ignore line: [COMPILER_PATH=/Users/willa/Desktop/robotic_arm/EmbeddedCode/templates/esp-template/.embuild/espressif/tools/riscv32-esp-elf/esp-2022r1-11.2.0/riscv32-esp-elf/bin/../libexec/gcc/riscv32-esp-elf/11.2.0/:/Users/willa/Desktop/robotic_arm/EmbeddedCode/templates/esp-template/.embuild/espressif/tools/riscv32-esp-elf/esp-2022r1-11.2.0/riscv32-esp-elf/bin/../libexec/gcc/:/Users/willa/Desktop/robotic_arm/EmbeddedCode/templates/esp-template/.embuild/espressif/tools/riscv32-esp-elf/esp-2022r1-11.2.0/riscv32-esp-elf/bin/../lib/gcc/riscv32-esp-elf/11.2.0/../../../../riscv32-esp-elf/bin/]
  ignore line: [LIBRARY_PATH=/Users/willa/Desktop/robotic_arm/EmbeddedCode/templates/esp-template/.embuild/espressif/tools/riscv32-esp-elf/esp-2022r1-11.2.0/riscv32-esp-elf/bin/../lib/gcc/riscv32-esp-elf/11.2.0/rv32imc/ilp32/:/Users/willa/Desktop/robotic_arm/EmbeddedCode/templates/esp-template/.embuild/espressif/tools/riscv32-esp-elf/esp-2022r1-11.2.0/riscv32-esp-elf/bin/../lib/gcc/riscv32-esp-elf/11.2.0/../../../../riscv32-esp-elf/lib/rv32imc/ilp32/:/Users/willa/Desktop/robotic_arm/EmbeddedCode/templates/esp-template/.embuild/espressif/tools/riscv32-esp-elf/esp-2022r1-11.2.0/riscv32-esp-elf/bin/../lib/gcc/riscv32-esp-elf/11.2.0/:/Users/willa/Desktop/robotic_arm/EmbeddedCode/templates/esp-template/.embuild/espressif/tools/riscv32-esp-elf/esp-2022r1-11.2.0/riscv32-esp-elf/bin/../lib/gcc/:/Users/willa/Desktop/robotic_arm/EmbeddedCode/templates/esp-template/.embuild/espressif/tools/riscv32-esp-elf/esp-2022r1-11.2.0/riscv32-esp-elf/bin/../lib/gcc/riscv32-esp-elf/11.2.0/../../../../riscv32-esp-elf/lib/]
  ignore line: [COLLECT_GCC_OPTIONS='-march=rv32imc' '-v' '-o' 'CMakeFiles/cmTC_b0c06.dir/CMakeCXXCompilerABI.cpp.obj' '-c' '-mabi=ilp32' '-march=rv32imc' '-dumpdir' 'CMakeFiles/cmTC_b0c06.dir/CMakeCXXCompilerABI.cpp.']
  ignore line: [[2/2] Linking CXX executable cmTC_b0c06]
  ignore line: [Using built-in specs.]
  ignore line: [Reading specs from /Users/willa/Desktop/robotic_arm/EmbeddedCode/templates/esp-template/.embuild/espressif/tools/riscv32-esp-elf/esp-2022r1-11.2.0/riscv32-esp-elf/bin/../lib/gcc/riscv32-esp-elf/11.2.0/../../../../riscv32-esp-elf/lib/nosys.specs]
  ignore line: [rename spec link_gcc_c_sequence to nosys_link_gcc_c_sequence]
  ignore line: [COLLECT_GCC=/Users/willa/Desktop/robotic_arm/EmbeddedCode/templates/esp-template/.embuild/espressif/tools/riscv32-esp-elf/esp-2022r1-11.2.0/riscv32-esp-elf/bin/riscv32-esp-elf-g++]
  ignore line: [COLLECT_LTO_WRAPPER=/Users/willa/Desktop/robotic_arm/EmbeddedCode/templates/esp-template/.embuild/espressif/tools/riscv32-esp-elf/esp-2022r1-11.2.0/riscv32-esp-elf/bin/../libexec/gcc/riscv32-esp-elf/11.2.0/lto-wrapper]
  ignore line: [Target: riscv32-esp-elf]
  ignore line: [Configured with: /Users/brnomac003/.gitlab-runner/builds/qR2TxTby/1/idf/crosstool-NG/.build/riscv32-esp-elf/src/gcc/configure --build=aarch64-build_apple-darwin21.4.0 --host=aarch64-build_apple-darwin21.4.0 --target=riscv32-esp-elf --prefix=/Users/brnomac003/.gitlab-runner/builds/qR2TxTby/1/idf/crosstool-NG/builds/riscv32-esp-elf --exec_prefix=/Users/brnomac003/.gitlab-runner/builds/qR2TxTby/1/idf/crosstool-NG/builds/riscv32-esp-elf --with-local-prefix=/Users/brnomac003/.gitlab-runner/builds/qR2TxTby/1/idf/crosstool-NG/builds/riscv32-esp-elf/riscv32-esp-elf --with-headers=/Users/brnomac003/.gitlab-runner/builds/qR2TxTby/1/idf/crosstool-NG/builds/riscv32-esp-elf/riscv32-esp-elf/include --with-newlib --enable-threads=no --disable-shared --with-arch=rv32gc --with-abi=ilp32 --with-pkgversion='crosstool-NG esp-2022r1' --disable-__cxa_atexit --enable-cxx-flags=-ffunction-sections --disable-libgomp --disable-libmudflap --disable-libmpx --disable-libssp --disable-libquadmath --disable-libquadmath-support --disable-libstdcxx-verbose --with-gmp=/Users/brnomac003/.gitlab-runner/builds/qR2TxTby/1/idf/crosstool-NG/.build/riscv32-esp-elf/buildtools --with-mpfr=/Users/brnomac003/.gitlab-runner/builds/qR2TxTby/1/idf/crosstool-NG/.build/riscv32-esp-elf/buildtools --with-mpc=/Users/brnomac003/.gitlab-runner/builds/qR2TxTby/1/idf/crosstool-NG/.build/riscv32-esp-elf/buildtools --with-isl=/Users/brnomac003/.gitlab-runner/builds/qR2TxTby/1/idf/crosstool-NG/.build/riscv32-esp-elf/buildtools --enable-lto --enable-target-optspace --without-long-double-128 --disable-nls --enable-multiarch --enable-languages=c c++ --disable-libstdcxx-verbose --enable-threads=posix --enable-gcov-custom-rtio --enable-libstdcxx-time=yes]
  ignore line: [Thread model: posix]
  ignore line: [Supported LTO compression algorithms: zlib]
  ignore line: [gcc version 11.2.0 (crosstool-NG esp-2022r1) ]
  ignore line: [COMPILER_PATH=/Users/willa/Desktop/robotic_arm/EmbeddedCode/templates/esp-template/.embuild/espressif/tools/riscv32-esp-elf/esp-2022r1-11.2.0/riscv32-esp-elf/bin/../libexec/gcc/riscv32-esp-elf/11.2.0/:/Users/willa/Desktop/robotic_arm/EmbeddedCode/templates/esp-template/.embuild/espressif/tools/riscv32-esp-elf/esp-2022r1-11.2.0/riscv32-esp-elf/bin/../libexec/gcc/:/Users/willa/Desktop/robotic_arm/EmbeddedCode/templates/esp-template/.embuild/espressif/tools/riscv32-esp-elf/esp-2022r1-11.2.0/riscv32-esp-elf/bin/../lib/gcc/riscv32-esp-elf/11.2.0/../../../../riscv32-esp-elf/bin/]
  ignore line: [LIBRARY_PATH=/Users/willa/Desktop/robotic_arm/EmbeddedCode/templates/esp-template/.embuild/espressif/tools/riscv32-esp-elf/esp-2022r1-11.2.0/riscv32-esp-elf/bin/../lib/gcc/riscv32-esp-elf/11.2.0/rv32imc/ilp32/:/Users/willa/Desktop/robotic_arm/EmbeddedCode/templates/esp-template/.embuild/espressif/tools/riscv32-esp-elf/esp-2022r1-11.2.0/riscv32-esp-elf/bin/../lib/gcc/riscv32-esp-elf/11.2.0/../../../../riscv32-esp-elf/lib/rv32imc/ilp32/:/Users/willa/Desktop/robotic_arm/EmbeddedCode/templates/esp-template/.embuild/espressif/tools/riscv32-esp-elf/esp-2022r1-11.2.0/riscv32-esp-elf/bin/../lib/gcc/riscv32-esp-elf/11.2.0/:/Users/willa/Desktop/robotic_arm/EmbeddedCode/templates/esp-template/.embuild/espressif/tools/riscv32-esp-elf/esp-2022r1-11.2.0/riscv32-esp-elf/bin/../lib/gcc/:/Users/willa/Desktop/robotic_arm/EmbeddedCode/templates/esp-template/.embuild/espressif/tools/riscv32-esp-elf/esp-2022r1-11.2.0/riscv32-esp-elf/bin/../lib/gcc/riscv32-esp-elf/11.2.0/../../../../riscv32-esp-elf/lib/]
  ignore line: [COLLECT_GCC_OPTIONS='-nostartfiles' '-march=rv32imc' '-specs=nosys.specs' '-v' '-o' 'cmTC_b0c06' '-mabi=ilp32' '-march=rv32imc' '-dumpdir' 'cmTC_b0c06.']
  link line: [ /Users/willa/Desktop/robotic_arm/EmbeddedCode/templates/esp-template/.embuild/espressif/tools/riscv32-esp-elf/esp-2022r1-11.2.0/riscv32-esp-elf/bin/../libexec/gcc/riscv32-esp-elf/11.2.0/collect2 -plugin /Users/willa/Desktop/robotic_arm/EmbeddedCode/templates/esp-template/.embuild/espressif/tools/riscv32-esp-elf/esp-2022r1-11.2.0/riscv32-esp-elf/bin/../libexec/gcc/riscv32-esp-elf/11.2.0/liblto_plugin.so -plugin-opt=/Users/willa/Desktop/robotic_arm/EmbeddedCode/templates/esp-template/.embuild/espressif/tools/riscv32-esp-elf/esp-2022r1-11.2.0/riscv32-esp-elf/bin/../libexec/gcc/riscv32-esp-elf/11.2.0/lto-wrapper -plugin-opt=-fresolution=/var/folders/23/4jr63l0d2rl38kgwygzq97s00000gn/T//ccz7XHpb.res -plugin-opt=-pass-through=-lgcc -plugin-opt=-pass-through=-lc -plugin-opt=-pass-through=-lnosys -plugin-opt=-pass-through=-lc -plugin-opt=-pass-through=-lgcc -plugin-opt=-pass-through=-lgcc -plugin-opt=-pass-through=-lc -plugin-opt=-pass-through=-lnosys -melf32lriscv -o cmTC_b0c06 -L/Users/willa/Desktop/robotic_arm/EmbeddedCode/templates/esp-template/.embuild/espressif/tools/riscv32-esp-elf/esp-2022r1-11.2.0/riscv32-esp-elf/bin/../lib/gcc/riscv32-esp-elf/11.2.0/rv32imc/ilp32 -L/Users/willa/Desktop/robotic_arm/EmbeddedCode/templates/esp-template/.embuild/espressif/tools/riscv32-esp-elf/esp-2022r1-11.2.0/riscv32-esp-elf/bin/../lib/gcc/riscv32-esp-elf/11.2.0/../../../../riscv32-esp-elf/lib/rv32imc/ilp32 -L/Users/willa/Desktop/robotic_arm/EmbeddedCode/templates/esp-template/.embuild/espressif/tools/riscv32-esp-elf/esp-2022r1-11.2.0/riscv32-esp-elf/bin/../lib/gcc/riscv32-esp-elf/11.2.0 -L/Users/willa/Desktop/robotic_arm/EmbeddedCode/templates/esp-template/.embuild/espressif/tools/riscv32-esp-elf/esp-2022r1-11.2.0/riscv32-esp-elf/bin/../lib/gcc -L/Users/willa/Desktop/robotic_arm/EmbeddedCode/templates/esp-template/.embuild/espressif/tools/riscv32-esp-elf/esp-2022r1-11.2.0/riscv32-esp-elf/bin/../lib/gcc/riscv32-esp-elf/11.2.0/../../../../riscv32-esp-elf/lib CMakeFiles/cmTC_b0c06.dir/CMakeCXXCompilerABI.cpp.obj -lstdc++ -lm -lgcc -lc -lnosys -lc -lgcc --start-group -lgcc -lc -lnosys --end-group]
    arg [/Users/willa/Desktop/robotic_arm/EmbeddedCode/templates/esp-template/.embuild/espressif/tools/riscv32-esp-elf/esp-2022r1-11.2.0/riscv32-esp-elf/bin/../libexec/gcc/riscv32-esp-elf/11.2.0/collect2] ==> ignore
    arg [-plugin] ==> ignore
    arg [/Users/willa/Desktop/robotic_arm/EmbeddedCode/templates/esp-template/.embuild/espressif/tools/riscv32-esp-elf/esp-2022r1-11.2.0/riscv32-esp-elf/bin/../libexec/gcc/riscv32-esp-elf/11.2.0/liblto_plugin.so] ==> ignore
    arg [-plugin-opt=/Users/willa/Desktop/robotic_arm/EmbeddedCode/templates/esp-template/.embuild/espressif/tools/riscv32-esp-elf/esp-2022r1-11.2.0/riscv32-esp-elf/bin/../libexec/gcc/riscv32-esp-elf/11.2.0/lto-wrapper] ==> ignore
    arg [-plugin-opt=-fresolution=/var/folders/23/4jr63l0d2rl38kgwygzq97s00000gn/T//ccz7XHpb.res] ==> ignore
    arg [-plugin-opt=-pass-through=-lgcc] ==> ignore
    arg [-plugin-opt=-pass-through=-lc] ==> ignore
    arg [-plugin-opt=-pass-through=-lnosys] ==> ignore
    arg [-plugin-opt=-pass-through=-lc] ==> ignore
    arg [-plugin-opt=-pass-through=-lgcc] ==> ignore
    arg [-plugin-opt=-pass-through=-lgcc] ==> ignore
    arg [-plugin-opt=-pass-through=-lc] ==> ignore
    arg [-plugin-opt=-pass-through=-lnosys] ==> ignore
    arg [-melf32lriscv] ==> ignore
    arg [-o] ==> ignore
    arg [cmTC_b0c06] ==> ignore
    arg [-L/Users/willa/Desktop/robotic_arm/EmbeddedCode/templates/esp-template/.embuild/espressif/tools/riscv32-esp-elf/esp-2022r1-11.2.0/riscv32-esp-elf/bin/../lib/gcc/riscv32-esp-elf/11.2.0/rv32imc/ilp32] ==> dir [/Users/willa/Desktop/robotic_arm/EmbeddedCode/templates/esp-template/.embuild/espressif/tools/riscv32-esp-elf/esp-2022r1-11.2.0/riscv32-esp-elf/bin/../lib/gcc/riscv32-esp-elf/11.2.0/rv32imc/ilp32]
    arg [-L/Users/willa/Desktop/robotic_arm/EmbeddedCode/templates/esp-template/.embuild/espressif/tools/riscv32-esp-elf/esp-2022r1-11.2.0/riscv32-esp-elf/bin/../lib/gcc/riscv32-esp-elf/11.2.0/../../../../riscv32-esp-elf/lib/rv32imc/ilp32] ==> dir [/Users/willa/Desktop/robotic_arm/EmbeddedCode/templates/esp-template/.embuild/espressif/tools/riscv32-esp-elf/esp-2022r1-11.2.0/riscv32-esp-elf/bin/../lib/gcc/riscv32-esp-elf/11.2.0/../../../../riscv32-esp-elf/lib/rv32imc/ilp32]
    arg [-L/Users/willa/Desktop/robotic_arm/EmbeddedCode/templates/esp-template/.embuild/espressif/tools/riscv32-esp-elf/esp-2022r1-11.2.0/riscv32-esp-elf/bin/../lib/gcc/riscv32-esp-elf/11.2.0] ==> dir [/Users/willa/Desktop/robotic_arm/EmbeddedCode/templates/esp-template/.embuild/espressif/tools/riscv32-esp-elf/esp-2022r1-11.2.0/riscv32-esp-elf/bin/../lib/gcc/riscv32-esp-elf/11.2.0]
    arg [-L/Users/willa/Desktop/robotic_arm/EmbeddedCode/templates/esp-template/.embuild/espressif/tools/riscv32-esp-elf/esp-2022r1-11.2.0/riscv32-esp-elf/bin/../lib/gcc] ==> dir [/Users/willa/Desktop/robotic_arm/EmbeddedCode/templates/esp-template/.embuild/espressif/tools/riscv32-esp-elf/esp-2022r1-11.2.0/riscv32-esp-elf/bin/../lib/gcc]
    arg [-L/Users/willa/Desktop/robotic_arm/EmbeddedCode/templates/esp-template/.embuild/espressif/tools/riscv32-esp-elf/esp-2022r1-11.2.0/riscv32-esp-elf/bin/../lib/gcc/riscv32-esp-elf/11.2.0/../../../../riscv32-esp-elf/lib] ==> dir [/Users/willa/Desktop/robotic_arm/EmbeddedCode/templates/esp-template/.embuild/espressif/tools/riscv32-esp-elf/esp-2022r1-11.2.0/riscv32-esp-elf/bin/../lib/gcc/riscv32-esp-elf/11.2.0/../../../../riscv32-esp-elf/lib]
    arg [CMakeFiles/cmTC_b0c06.dir/CMakeCXXCompilerABI.cpp.obj] ==> ignore
    arg [-lstdc++] ==> lib [stdc++]
    arg [-lm] ==> lib [m]
    arg [-lgcc] ==> lib [gcc]
    arg [-lc] ==> lib [c]
    arg [-lnosys] ==> lib [nosys]
    arg [-lc] ==> lib [c]
    arg [-lgcc] ==> lib [gcc]
    arg [--start-group] ==> ignore
    arg [-lgcc] ==> lib [gcc]
    arg [-lc] ==> lib [c]
    arg [-lnosys] ==> lib [nosys]
    arg [--end-group] ==> ignore
  collapse library dir [/Users/willa/Desktop/robotic_arm/EmbeddedCode/templates/esp-template/.embuild/espressif/tools/riscv32-esp-elf/esp-2022r1-11.2.0/riscv32-esp-elf/bin/../lib/gcc/riscv32-esp-elf/11.2.0/rv32imc/ilp32] ==> [/Users/willa/Desktop/robotic_arm/EmbeddedCode/templates/esp-template/.embuild/espressif/tools/riscv32-esp-elf/esp-2022r1-11.2.0/riscv32-esp-elf/lib/gcc/riscv32-esp-elf/11.2.0/rv32imc/ilp32]
  collapse library dir [/Users/willa/Desktop/robotic_arm/EmbeddedCode/templates/esp-template/.embuild/espressif/tools/riscv32-esp-elf/esp-2022r1-11.2.0/riscv32-esp-elf/bin/../lib/gcc/riscv32-esp-elf/11.2.0/../../../../riscv32-esp-elf/lib/rv32imc/ilp32] ==> [/Users/willa/Desktop/robotic_arm/EmbeddedCode/templates/esp-template/.embuild/espressif/tools/riscv32-esp-elf/esp-2022r1-11.2.0/riscv32-esp-elf/riscv32-esp-elf/lib/rv32imc/ilp32]
  collapse library dir [/Users/willa/Desktop/robotic_arm/EmbeddedCode/templates/esp-template/.embuild/espressif/tools/riscv32-esp-elf/esp-2022r1-11.2.0/riscv32-esp-elf/bin/../lib/gcc/riscv32-esp-elf/11.2.0] ==> [/Users/willa/Desktop/robotic_arm/EmbeddedCode/templates/esp-template/.embuild/espressif/tools/riscv32-esp-elf/esp-2022r1-11.2.0/riscv32-esp-elf/lib/gcc/riscv32-esp-elf/11.2.0]
  collapse library dir [/Users/willa/Desktop/robotic_arm/EmbeddedCode/templates/esp-template/.embuild/espressif/tools/riscv32-esp-elf/esp-2022r1-11.2.0/riscv32-esp-elf/bin/../lib/gcc] ==> [/Users/willa/Desktop/robotic_arm/EmbeddedCode/templates/esp-template/.embuild/espressif/tools/riscv32-esp-elf/esp-2022r1-11.2.0/riscv32-esp-elf/lib/gcc]
  collapse library dir [/Users/willa/Desktop/robotic_arm/EmbeddedCode/templates/esp-template/.embuild/espressif/tools/riscv32-esp-elf/esp-2022r1-11.2.0/riscv32-esp-elf/bin/../lib/gcc/riscv32-esp-elf/11.2.0/../../../../riscv32-esp-elf/lib] ==> [/Users/willa/Desktop/robotic_arm/EmbeddedCode/templates/esp-template/.embuild/espressif/tools/riscv32-esp-elf/esp-2022r1-11.2.0/riscv32-esp-elf/riscv32-esp-elf/lib]
  implicit libs: [stdc++;m;gcc;c;nosys;c;gcc;gcc;c;nosys]
  implicit objs: []
  implicit dirs: [/Users/willa/Desktop/robotic_arm/EmbeddedCode/templates/esp-template/.embuild/espressif/tools/riscv32-esp-elf/esp-2022r1-11.2.0/riscv32-esp-elf/lib/gcc/riscv32-esp-elf/11.2.0/rv32imc/ilp32;/Users/willa/Desktop/robotic_arm/EmbeddedCode/templates/esp-template/.embuild/espressif/tools/riscv32-esp-elf/esp-2022r1-11.2.0/riscv32-esp-elf/riscv32-esp-elf/lib/rv32imc/ilp32;/Users/willa/Desktop/robotic_arm/EmbeddedCode/templates/esp-template/.embuild/espressif/tools/riscv32-esp-elf/esp-2022r1-11.2.0/riscv32-esp-elf/lib/gcc/riscv32-esp-elf/11.2.0;/Users/willa/Desktop/robotic_arm/EmbeddedCode/templates/esp-template/.embuild/espressif/tools/riscv32-esp-elf/esp-2022r1-11.2.0/riscv32-esp-elf/lib/gcc;/Users/willa/Desktop/robotic_arm/EmbeddedCode/templates/esp-template/.embuild/espressif/tools/riscv32-esp-elf/esp-2022r1-11.2.0/riscv32-esp-elf/riscv32-esp-elf/lib]
  implicit fwks: []


Determining if the include file sys/types.h exists passed with the following output:
Change Dir: /Users/willa/Desktop/robotic_arm/EmbeddedCode/templates/esp-template/target/riscv32imc-esp-espidf/debug/build/esp-idf-sys-9f6b4ed75c495505/out/build/bootloader/CMakeFiles/CMakeTmp

Run Build Command(s):/Users/willa/Desktop/robotic_arm/EmbeddedCode/templates/esp-template/.embuild/espressif/tools/ninja/1.10.2/ninja cmTC_562d1 && [1/2] Building C object CMakeFiles/cmTC_562d1.dir/CheckIncludeFile.c.obj
[2/2] Linking C executable cmTC_562d1
/Users/willa/Desktop/robotic_arm/EmbeddedCode/templates/esp-template/.embuild/espressif/tools/riscv32-esp-elf/esp-2022r1-11.2.0/riscv32-esp-elf/bin/../lib/gcc/riscv32-esp-elf/11.2.0/../../../../riscv32-esp-elf/bin/ld: warning: cannot find entry symbol _start; defaulting to 0000000000010054



Determining if the include file stdint.h exists passed with the following output:
Change Dir: /Users/willa/Desktop/robotic_arm/EmbeddedCode/templates/esp-template/target/riscv32imc-esp-espidf/debug/build/esp-idf-sys-9f6b4ed75c495505/out/build/bootloader/CMakeFiles/CMakeTmp

Run Build Command(s):/Users/willa/Desktop/robotic_arm/EmbeddedCode/templates/esp-template/.embuild/espressif/tools/ninja/1.10.2/ninja cmTC_6b3c2 && [1/2] Building C object CMakeFiles/cmTC_6b3c2.dir/CheckIncludeFile.c.obj
[2/2] Linking C executable cmTC_6b3c2
/Users/willa/Desktop/robotic_arm/EmbeddedCode/templates/esp-template/.embuild/espressif/tools/riscv32-esp-elf/esp-2022r1-11.2.0/riscv32-esp-elf/bin/../lib/gcc/riscv32-esp-elf/11.2.0/../../../../riscv32-esp-elf/bin/ld: warning: cannot find entry symbol _start; defaulting to 0000000000010054



Determining if the include file stddef.h exists passed with the following output:
Change Dir: /Users/willa/Desktop/robotic_arm/EmbeddedCode/templates/esp-template/target/riscv32imc-esp-espidf/debug/build/esp-idf-sys-9f6b4ed75c495505/out/build/bootloader/CMakeFiles/CMakeTmp

Run Build Command(s):/Users/willa/Desktop/robotic_arm/EmbeddedCode/templates/esp-template/.embuild/espressif/tools/ninja/1.10.2/ninja cmTC_ddf21 && [1/2] Building C object CMakeFiles/cmTC_ddf21.dir/CheckIncludeFile.c.obj
[2/2] Linking C executable cmTC_ddf21
/Users/willa/Desktop/robotic_arm/EmbeddedCode/templates/esp-template/.embuild/espressif/tools/riscv32-esp-elf/esp-2022r1-11.2.0/riscv32-esp-elf/bin/../lib/gcc/riscv32-esp-elf/11.2.0/../../../../riscv32-esp-elf/bin/ld: warning: cannot find entry symbol _start; defaulting to 0000000000010054



Determining size of time_t passed with the following output:
Change Dir: /Users/willa/Desktop/robotic_arm/EmbeddedCode/templates/esp-template/target/riscv32imc-esp-espidf/debug/build/esp-idf-sys-9f6b4ed75c495505/out/build/bootloader/CMakeFiles/CMakeTmp

Run Build Command(s):/Users/willa/Desktop/robotic_arm/EmbeddedCode/templates/esp-template/.embuild/espressif/tools/ninja/1.10.2/ninja cmTC_73758 && [1/2] Building C object CMakeFiles/cmTC_73758.dir/TIME_T_SIZE.c.obj
[2/2] Linking C executable cmTC_73758
/Users/willa/Desktop/robotic_arm/EmbeddedCode/templates/esp-template/.embuild/espressif/tools/riscv32-esp-elf/esp-2022r1-11.2.0/riscv32-esp-elf/bin/../lib/gcc/riscv32-esp-elf/11.2.0/../../../../riscv32-esp-elf/bin/ld: warning: cannot find entry symbol _start; defaulting to 0000000000010074



